2024-03-22 13:36:06,818 [INFO] Activator:176 - 


2024-03-22 13:36:06,825 [INFO] Activator:177 - !SESSION log4j initialized
2024-03-22 13:36:14,867 [INFO] LogOutputStream:77 - [STDOUT_REDIRECT] 
2024-03-22 13:36:16,961 [INFO] ApplicationProperties:184 - Using Application install path: C:\ST\STM32CubeIDE_1.14.0\STM32CubeIDE\plugins\com.st.stm32cube.common.mx_6.10.0.202311202037
2024-03-22 13:36:16,989 [INFO] DbMcusXml:78 - Set database path to: C:\ST\STM32CubeIDE_1.14.0\STM32CubeIDE\plugins\com.st.stm32cube.common.mx_6.10.0.202311202037\\db\/mcu/
2024-03-22 13:36:16,990 [INFO] ApiDb:274 - Set plugin database path to: C:\ST\STM32CubeIDE_1.14.0\STM32CubeIDE\plugins\com.st.stm32cube.common.mx_6.10.0.202311202037\\db\/plugins/boardmanager/
2024-03-22 13:36:16,991 [WARN] ApiDb:259 - Overriding images path with different value:  => C:\ST\STM32CubeIDE_1.14.0\STM32CubeIDE\plugins\com.st.stm32cube.common.mx_6.10.0.202311202037\\db\/plugins/mcufinder/images/
2024-03-22 13:36:17,005 [INFO] ApiDb:250 - Set database path to: C:\Users\compumart\.stmcufinder\plugins\mcufinder//mcu/
2024-03-22 13:36:17,007 [INFO] DbMcusAds:125 - Set database path to: C:\Users\compumart\.stmcufinder\plugins\mcufinder//mcu/
2024-03-22 13:36:17,010 [INFO] CrossReferenceDbSqlite:203 - Set database path to: C:\Users\compumart\.stmcufinder\plugins\mcufinder//mcu/cs/
2024-03-22 13:36:17,200 [INFO] RulesReader:64 - Compatibility file has been processed (297 Rules)
2024-03-22 13:36:17,329 [INFO] DbMcusXml:78 - Set database path to: C:\ST\STM32CubeIDE_1.14.0\STM32CubeIDE\plugins\com.st.stm32cube.common.mx_6.10.0.202311202037\\db\/mcu/
2024-03-22 13:36:17,330 [INFO] ApiDb:274 - Set plugin database path to: C:\ST\STM32CubeIDE_1.14.0\STM32CubeIDE\plugins\com.st.stm32cube.common.mx_6.10.0.202311202037\\db\/plugins/boardmanager/
2024-03-22 13:36:17,330 [INFO] ApiDb:261 - Set plugin images path to: C:\ST\STM32CubeIDE_1.14.0\STM32CubeIDE\plugins\com.st.stm32cube.common.mx_6.10.0.202311202037\\db\/plugins/mcufinder/images/
2024-03-22 13:36:17,330 [WARN] DbFile:41 - Overriding database path with different value: C:\Users\compumart\.stmcufinder\plugins\mcufinder/ => C:\Users\compumart\.stmcufinder\plugins\mcufinder
2024-03-22 13:36:17,330 [INFO] ApiDb:250 - Set database path to: C:\Users\compumart\.stmcufinder\plugins\mcufinder//mcu/
2024-03-22 13:36:17,330 [WARN] DbFile:41 - Overriding database path with different value: C:\Users\compumart\.stmcufinder\plugins\mcufinder/ => C:\Users\compumart\.stmcufinder\plugins\mcufinder
2024-03-22 13:36:17,330 [INFO] DbMcusAds:125 - Set database path to: C:\Users\compumart\.stmcufinder\plugins\mcufinder//mcu/
2024-03-22 13:36:17,330 [WARN] DbFile:41 - Overriding database path with different value: C:\Users\compumart\.stmcufinder\plugins\mcufinder/ => C:\Users\compumart\.stmcufinder\plugins\mcufinder
2024-03-22 13:36:17,330 [WARN] DbFile:41 - Overriding database path with different value: C:\Users\compumart\.stmcufinder\plugins\mcufinder/ => C:\Users\compumart\.stmcufinder\plugins\mcufinder
2024-03-22 13:36:17,330 [INFO] CrossReferenceDbSqlite:203 - Set database path to: C:\Users\compumart\.stmcufinder\plugins\mcufinder//mcu/cs/
2024-03-22 13:36:17,436 [INFO] MainPanel:264 - HeapMemory: 268435456
2024-03-22 13:36:17,559 [INFO] DbMcusXml:78 - Set database path to: C:\ST\STM32CubeIDE_1.14.0\STM32CubeIDE\plugins\com.st.stm32cube.common.mx_6.10.0.202311202037\\db\/mcu/
2024-03-22 13:36:17,560 [INFO] ApiDb:274 - Set plugin database path to: C:\ST\STM32CubeIDE_1.14.0\STM32CubeIDE\plugins\com.st.stm32cube.common.mx_6.10.0.202311202037\\db\/plugins/boardmanager/
2024-03-22 13:36:17,560 [INFO] ApiDb:261 - Set plugin images path to: C:\ST\STM32CubeIDE_1.14.0\STM32CubeIDE\plugins\com.st.stm32cube.common.mx_6.10.0.202311202037\\db\/plugins/mcufinder/images/
2024-03-22 13:36:17,561 [WARN] DbFile:41 - Overriding database path with different value: C:\Users\compumart\.stmcufinder\plugins\mcufinder/ => C:\Users\compumart\.stmcufinder\plugins\mcufinder
2024-03-22 13:36:17,561 [INFO] ApiDb:250 - Set database path to: C:\Users\compumart\.stmcufinder\plugins\mcufinder//mcu/
2024-03-22 13:36:17,561 [WARN] DbFile:41 - Overriding database path with different value: C:\Users\compumart\.stmcufinder\plugins\mcufinder/ => C:\Users\compumart\.stmcufinder\plugins\mcufinder
2024-03-22 13:36:17,561 [INFO] DbMcusAds:125 - Set database path to: C:\Users\compumart\.stmcufinder\plugins\mcufinder//mcu/
2024-03-22 13:36:17,561 [WARN] DbFile:41 - Overriding database path with different value: C:\Users\compumart\.stmcufinder\plugins\mcufinder/ => C:\Users\compumart\.stmcufinder\plugins\mcufinder
2024-03-22 13:36:17,561 [WARN] DbFile:41 - Overriding database path with different value: C:\Users\compumart\.stmcufinder\plugins\mcufinder/ => C:\Users\compumart\.stmcufinder\plugins\mcufinder
2024-03-22 13:36:17,562 [INFO] CrossReferenceDbSqlite:203 - Set database path to: C:\Users\compumart\.stmcufinder\plugins\mcufinder//mcu/cs/
2024-03-22 13:36:17,589 [INFO] ApplicationProperties:184 - Using Application install path: C:\ST\STM32CubeIDE_1.14.0\STM32CubeIDE\plugins\com.st.stm32cube.common.mx_6.10.0.202311202037
2024-03-22 13:36:17,592 [INFO] PluginManage:196 - Search for loadable plugins [exclusion list=, ]
2024-03-22 13:36:17,594 [INFO] PluginManage:310 - Check plugin analytics
2024-03-22 13:36:17,972 [INFO] AnalyticsPlugin:253 - Accepted Software Licenses: 
2024-03-22 13:36:17,973 [INFO] AnalyticsPlugin:255 - Accepted CMSIS Pack Licenses: 
2024-03-22 13:36:17,973 [INFO] AnalyticsPlugin:257 - Accepted Firmware Licenses: 
2024-03-22 13:36:17,978 [INFO] PluginManage:359 - Loaded plugin analytics (category:tool,tabindex:-1)
2024-03-22 13:36:17,978 [INFO] PluginManage:310 - Check plugin cadmodel
2024-03-22 13:36:17,988 [INFO] CADModel:105 - Init CAD model plugin
2024-03-22 13:36:17,988 [INFO] PluginManage:359 - Loaded plugin cadmodel (category:power,tabindex:5)
2024-03-22 13:36:17,988 [INFO] PluginManage:310 - Check plugin clock
2024-03-22 13:36:18,006 [INFO] PluginManage:359 - Loaded plugin clock (category:base,tabindex:2)
2024-03-22 13:36:18,007 [INFO] PluginManage:310 - Check plugin ddr
2024-03-22 13:36:18,011 [INFO] PluginManage:359 - Loaded plugin ddr (category:tool,tabindex:6)
2024-03-22 13:36:18,011 [INFO] PluginManage:310 - Check plugin filemanager
2024-03-22 13:36:18,404 [INFO] PluginManage:359 - Loaded plugin filemanager (category:base,tabindex:10)
2024-03-22 13:36:18,406 [INFO] PluginManage:310 - Check plugin ipmanager
2024-03-22 13:36:18,444 [INFO] PluginManage:359 - Loaded plugin ipmanager (category:base,tabindex:5)
2024-03-22 13:36:18,445 [INFO] PluginManage:310 - Check plugin lpbam
2024-03-22 13:36:18,471 [INFO] PluginManage:359 - Loaded plugin lpbam (category:base,tabindex:0)
2024-03-22 13:36:18,471 [INFO] PluginManage:310 - Check plugin memorymap
2024-03-22 13:36:18,528 [INFO] PluginManage:359 - Loaded plugin memorymap (category:base,tabindex:4)
2024-03-22 13:36:18,530 [INFO] PluginManage:310 - Check plugin pinoutandconfiguration
2024-03-22 13:36:18,575 [INFO] PluginManage:359 - Loaded plugin pinoutandconfiguration (category:base,tabindex:1)
2024-03-22 13:36:18,576 [INFO] PluginManage:310 - Check plugin pinoutconfig
2024-03-22 13:36:18,772 [WARN] SupportedApi:132 - Cannot load RTOS API schema: s4s-elt-must-match.1: The content of 'definitions' must match (annotation?, (simpleType | complexType)?, (unique | key | keyref)*)). A problem was found starting at: attribute.
2024-03-22 13:36:19,182 [INFO] PluginManage:359 - Loaded plugin pinoutconfig (category:base,tabindex:0)
2024-03-22 13:36:19,182 [INFO] PluginManage:310 - Check plugin power
2024-03-22 13:36:19,333 [INFO] PluginManage:359 - Loaded plugin power (category:power,tabindex:4)
2024-03-22 13:36:19,333 [INFO] PluginManage:310 - Check plugin projectmanager
2024-03-22 13:36:19,398 [INFO] PluginManage:359 - Loaded plugin projectmanager (category:projectmanager,tabindex:3)
2024-03-22 13:36:19,399 [INFO] PluginManage:310 - Check plugin thirdparty
2024-03-22 13:36:19,983 [INFO] PluginManage:359 - Loaded plugin thirdparty (category:base,tabindex:-1)
2024-03-22 13:36:19,984 [INFO] PluginManage:310 - Check plugin tools
2024-03-22 13:36:19,983 [WARN] IntegrityCheckThread:84 - waiting for thirdparty lock release [integrity check]
2024-03-22 13:36:19,987 [INFO] IntegrityCheckThread:86 - entering critical section [integrity check]
2024-03-22 13:36:19,989 [INFO] ThirdPartyUpdaterWithRetryManager:70 - Updater plugin not ready yet. [1/15]
2024-03-22 13:36:19,997 [INFO] PluginManage:359 - Loaded plugin tools (category:base,tabindex:7)
2024-03-22 13:36:19,998 [INFO] PluginManage:310 - Check plugin tutovideos
2024-03-22 13:36:20,503 [INFO] PluginManage:359 - Loaded plugin tutovideos (category:base,tabindex:-1)
2024-03-22 13:36:20,503 [INFO] PluginManage:310 - Check plugin updater
2024-03-22 13:36:20,527 [INFO] PluginManage:359 - Loaded plugin updater (category:base,tabindex:12)
2024-03-22 13:36:20,527 [INFO] PluginManage:310 - Check plugin userauth
2024-03-22 13:36:20,539 [INFO] UserAuth:114 - Init User Auth plugin
2024-03-22 13:36:20,540 [INFO] PluginManage:359 - Loaded plugin userauth (category:base,tabindex:14)
2024-03-22 13:36:20,541 [INFO] PluginManage:283 - PluginManage : Loaded plugins [17]
2024-03-22 13:36:21,530 [INFO] PinOutPanel:1499 - setPackage(No Configuration,No Configuration)
2024-03-22 13:36:21,708 [INFO] CADModel:165 - CPN selected for project level
2024-03-22 13:36:21,708 [INFO] CADModel:114 - Register for checkConnection events
2024-03-22 13:36:21,740 [INFO] IPUIPlugin:80 - create IPUIPlugin
2024-03-22 13:36:21,741 [INFO] PluginManager:220 - loadIPPluginJar : add adc
2024-03-22 13:36:21,745 [INFO] IPUIPlugin:80 - create IPUIPlugin
2024-03-22 13:36:21,745 [INFO] PluginManager:220 - loadIPPluginJar : add aes
2024-03-22 13:36:21,750 [INFO] IPUIPlugin:80 - create IPUIPlugin
2024-03-22 13:36:21,750 [INFO] PluginManager:220 - loadIPPluginJar : add can
2024-03-22 13:36:21,754 [INFO] IPUIPlugin:80 - create IPUIPlugin
2024-03-22 13:36:21,754 [INFO] PluginManager:220 - loadIPPluginJar : add comp
2024-03-22 13:36:21,758 [INFO] IPUIPlugin:80 - create IPUIPlugin
2024-03-22 13:36:21,758 [INFO] PluginManager:220 - loadIPPluginJar : add cryp
2024-03-22 13:36:21,762 [INFO] IPUIPlugin:80 - create IPUIPlugin
2024-03-22 13:36:21,762 [INFO] PluginManager:220 - loadIPPluginJar : add dfsdm
2024-03-22 13:36:21,772 [INFO] IPUIPlugin:80 - create IPUIPlugin
2024-03-22 13:36:21,773 [INFO] PluginManager:220 - loadIPPluginJar : add dma
2024-03-22 13:36:21,778 [INFO] IPUIPlugin:80 - create IPUIPlugin
2024-03-22 13:36:21,778 [INFO] PluginManager:220 - loadIPPluginJar : add dma3
2024-03-22 13:36:21,781 [INFO] IPUIPlugin:80 - create IPUIPlugin
2024-03-22 13:36:21,781 [INFO] PluginManager:220 - loadIPPluginJar : add fatfs
2024-03-22 13:36:21,790 [INFO] IPUIPlugin:80 - create IPUIPlugin
2024-03-22 13:36:21,790 [INFO] PluginManager:220 - loadIPPluginJar : add fmc
2024-03-22 13:36:21,799 [INFO] IPUIPlugin:80 - create IPUIPlugin
2024-03-22 13:36:21,799 [INFO] PluginManager:220 - loadIPPluginJar : add freertos
2024-03-22 13:36:21,801 [INFO] IPUIPlugin:80 - create IPUIPlugin
2024-03-22 13:36:21,801 [INFO] PluginManager:220 - loadIPPluginJar : add genericplugin
2024-03-22 13:36:21,806 [INFO] IPUIPlugin:80 - create IPUIPlugin
2024-03-22 13:36:21,806 [INFO] PluginManager:220 - loadIPPluginJar : add gfxmmu
2024-03-22 13:36:21,816 [INFO] IPUIPlugin:80 - create IPUIPlugin
2024-03-22 13:36:21,816 [INFO] PluginManager:220 - loadIPPluginJar : add gic
2024-03-22 13:36:21,824 [INFO] IPUIPlugin:80 - create IPUIPlugin
2024-03-22 13:36:21,825 [INFO] PluginManager:220 - loadIPPluginJar : add gpio
2024-03-22 13:36:21,831 [INFO] IPUIPlugin:80 - create IPUIPlugin
2024-03-22 13:36:21,831 [INFO] PluginManager:220 - loadIPPluginJar : add gtzc
2024-03-22 13:36:21,835 [INFO] IPUIPlugin:80 - create IPUIPlugin
2024-03-22 13:36:21,835 [INFO] PluginManager:220 - loadIPPluginJar : add hash
2024-03-22 13:36:21,840 [INFO] IPUIPlugin:80 - create IPUIPlugin
2024-03-22 13:36:21,840 [INFO] PluginManager:220 - loadIPPluginJar : add i2c
2024-03-22 13:36:21,844 [INFO] IPUIPlugin:80 - create IPUIPlugin
2024-03-22 13:36:21,844 [INFO] PluginManager:220 - loadIPPluginJar : add i2s
2024-03-22 13:36:21,850 [INFO] IPUIPlugin:80 - create IPUIPlugin
2024-03-22 13:36:21,850 [INFO] PluginManager:220 - loadIPPluginJar : add i3c
2024-03-22 13:36:21,858 [INFO] IPUIPlugin:80 - create IPUIPlugin
2024-03-22 13:36:21,858 [INFO] PluginManager:220 - loadIPPluginJar : add ipddr
2024-03-22 13:36:21,870 [INFO] IPUIPlugin:80 - create IPUIPlugin
2024-03-22 13:36:21,871 [INFO] PluginManager:220 - loadIPPluginJar : add linkedlist
2024-03-22 13:36:21,874 [INFO] IPUIPlugin:80 - create IPUIPlugin
2024-03-22 13:36:21,874 [INFO] PluginManager:220 - loadIPPluginJar : add lorawan
2024-03-22 13:36:21,877 [INFO] IPUIPlugin:80 - create IPUIPlugin
2024-03-22 13:36:21,878 [INFO] PluginManager:220 - loadIPPluginJar : add ltdc
2024-03-22 13:36:21,889 [INFO] IPUIPlugin:80 - create IPUIPlugin
2024-03-22 13:36:21,890 [INFO] PluginManager:220 - loadIPPluginJar : add mdma
2024-03-22 13:36:21,898 [INFO] IPUIPlugin:80 - create IPUIPlugin
2024-03-22 13:36:21,898 [INFO] PluginManager:220 - loadIPPluginJar : add nvic
2024-03-22 13:36:21,903 [INFO] IPUIPlugin:80 - create IPUIPlugin
2024-03-22 13:36:21,904 [INFO] PluginManager:220 - loadIPPluginJar : add opamp
2024-03-22 13:36:21,910 [INFO] IPUIPlugin:80 - create IPUIPlugin
2024-03-22 13:36:21,910 [INFO] PluginManager:220 - loadIPPluginJar : add openamp
2024-03-22 13:36:21,916 [INFO] IPUIPlugin:80 - create IPUIPlugin
2024-03-22 13:36:21,917 [INFO] PluginManager:220 - loadIPPluginJar : add pdm2pcm
2024-03-22 13:36:21,927 [INFO] IPUIPlugin:80 - create IPUIPlugin
2024-03-22 13:36:21,931 [INFO] PluginManager:220 - loadIPPluginJar : add plateformsettings
2024-03-22 13:36:21,934 [INFO] IPUIPlugin:80 - create IPUIPlugin
2024-03-22 13:36:21,934 [INFO] PluginManager:220 - loadIPPluginJar : add quadspi
2024-03-22 13:36:21,940 [INFO] IPUIPlugin:80 - create IPUIPlugin
2024-03-22 13:36:21,940 [INFO] PluginManager:220 - loadIPPluginJar : add resmgrutility
2024-03-22 13:36:21,946 [INFO] IPUIPlugin:80 - create IPUIPlugin
2024-03-22 13:36:21,946 [INFO] PluginManager:220 - loadIPPluginJar : add sai
2024-03-22 13:36:21,952 [INFO] IPUIPlugin:80 - create IPUIPlugin
2024-03-22 13:36:21,952 [INFO] PluginManager:220 - loadIPPluginJar : add spi
2024-03-22 13:36:21,960 [INFO] IPUIPlugin:80 - create IPUIPlugin
2024-03-22 13:36:21,961 [INFO] PluginManager:220 - loadIPPluginJar : add stm32_wpan
2024-03-22 13:36:21,963 [INFO] IPUIPlugin:80 - create IPUIPlugin
2024-03-22 13:36:21,964 [INFO] PluginManager:220 - loadIPPluginJar : add tim
2024-03-22 13:36:21,970 [INFO] IPUIPlugin:80 - create IPUIPlugin
2024-03-22 13:36:21,970 [INFO] PluginManager:220 - loadIPPluginJar : add touchsensing
2024-03-22 13:36:21,973 [INFO] IPUIPlugin:80 - create IPUIPlugin
2024-03-22 13:36:21,973 [INFO] PluginManager:220 - loadIPPluginJar : add tracer_emb
2024-03-22 13:36:21,977 [INFO] IPUIPlugin:80 - create IPUIPlugin
2024-03-22 13:36:21,977 [INFO] PluginManager:220 - loadIPPluginJar : add ts
2024-03-22 13:36:21,980 [INFO] IPUIPlugin:80 - create IPUIPlugin
2024-03-22 13:36:21,980 [INFO] PluginManager:220 - loadIPPluginJar : add tsc
2024-03-22 13:36:21,984 [INFO] IPUIPlugin:80 - create IPUIPlugin
2024-03-22 13:36:21,984 [INFO] PluginManager:220 - loadIPPluginJar : add ucpd
2024-03-22 13:36:21,989 [INFO] IPUIPlugin:80 - create IPUIPlugin
2024-03-22 13:36:21,989 [INFO] PluginManager:220 - loadIPPluginJar : add usart
2024-03-22 13:36:21,994 [INFO] IPUIPlugin:80 - create IPUIPlugin
2024-03-22 13:36:21,994 [INFO] PluginManager:220 - loadIPPluginJar : add usbx
2024-03-22 13:36:22,163 [INFO] CADModel:165 - CPN selected for project level
2024-03-22 13:36:22,164 [INFO] CADModel:114 - Register for checkConnection events
2024-03-22 13:36:22,164 [FATAL] Updater:308 - Updater called before beeing initialized
2024-03-22 13:36:22,164 [ERROR] CADModel:125 - Updater not yet initialized, retry later 
2024-03-22 13:36:22,436 [INFO] CADModel:165 - CPN selected for project level
2024-03-22 13:36:22,437 [INFO] CADModel:114 - Register for checkConnection events
2024-03-22 13:36:22,437 [FATAL] Updater:308 - Updater called before beeing initialized
2024-03-22 13:36:22,437 [ERROR] CADModel:125 - Updater not yet initialized, retry later 
2024-03-22 13:36:22,442 [FATAL] Updater:308 - Updater called before beeing initialized
2024-03-22 13:36:22,628 [FATAL] Updater:308 - Updater called before beeing initialized
2024-03-22 13:36:22,637 [INFO] DbMcusAds:53 - JSON generation date=Wed Nov 29 12:52:27 EET 2023 (1701255147349)
2024-03-22 13:36:22,637 [FATAL] Updater:308 - Updater called before beeing initialized
2024-03-22 13:36:22,737 [WARN] DetailPanel:346 - Failed to get advertising image, set to default
2024-03-22 13:36:22,958 [FATAL] Updater:308 - Updater called before beeing initialized
2024-03-22 13:36:22,993 [INFO] ThirdPartyUpdaterWithRetryManager:70 - Updater plugin not ready yet. [2/15]
2024-03-22 13:36:23,024 [FATAL] Updater:308 - Updater called before beeing initialized
2024-03-22 13:36:23,025 [FATAL] Updater:308 - Updater called before beeing initialized
2024-03-22 13:36:23,026 [WARN] DetailPanel:346 - Failed to get advertising image, set to default
2024-03-22 13:36:23,030 [FATAL] Updater:308 - Updater called before beeing initialized
2024-03-22 13:36:23,214 [ERROR] Updater:1120 - MainUpdater not yet initialized. External WinMGr cannot be set.
2024-03-22 13:36:23,227 [INFO] Updater:1056 - Updater Version found : 6.10.0
2024-03-22 13:36:23,374 [INFO] ApplicationProperties:184 - Using Application install path: C:\ST\STM32CubeIDE_1.14.0\STM32CubeIDE\plugins\com.st.stm32cube.common.mx_6.10.0.202311202037
2024-03-22 13:36:24,972 [ERROR] LogOutputStream:75 - [STDERR_REDIRECT] Mar 22, 2024 1:36:24 PM java.util.prefs.WindowsPreferences <init>
2024-03-22 13:36:24,979 [ERROR] LogOutputStream:75 - [STDERR_REDIRECT] WARNING: Could not open/create prefs root node Software\JavaSoft\Prefs at root 0xffffffff80000002. Windows RegCreateKeyEx(...) returned error code 5.
2024-03-22 13:36:24,980 [ERROR] LogOutputStream:75 - [STDERR_REDIRECT] 
2024-03-22 13:36:25,484 [INFO] MainUpdater:2873 - connection check result : 10
2024-03-22 13:36:25,484 [INFO] MainUpdater:3567 - Updater definition file requires update
2024-03-22 13:36:25,486 [INFO] MainUpdater:290 - Updater Check For Update Now.
2024-03-22 13:36:25,486 [INFO] MicroXplorer:498 - Change Database Version : DB.6.0.100
2024-03-22 13:36:25,500 [INFO] McuFinderGlobals:63 - Set McuFinder mode to 2 (CubeIDE integrated)
2024-03-22 13:36:25,500 [INFO] UserAuth:180 - activating auth plugin
2024-03-22 13:36:25,505 [INFO] UserAuth:404 - Internet connection configuration mode: 1
2024-03-22 13:36:25,538 [INFO] JxBrowserEngine:152 - Initiate JxBrowser Engine with user profile folder
2024-03-22 13:36:25,641 [INFO] ServerAccessManage:473 - Download File updaters.zip
2024-03-22 13:36:25,815 [INFO] FileExtend:240 - Unzip File : updaters.zip
2024-03-22 13:36:25,816 [INFO] FileExtend:255 - Standard Zip Deflate
2024-03-22 13:36:25,995 [WARN] MainUpdater:1194 - Updater busy. Cannot search thirdparties
2024-03-22 13:36:25,995 [INFO] ThirdPartyUpdaterWithRetryManager:96 - Updater plugin is busy. [1/15]
2024-03-22 13:36:27,657 [INFO] ServerAccessManage:473 - Download File PacksControlFlags.xml
2024-03-22 13:36:27,844 [INFO] ServerAccessManage:473 - Download File cubemx.pidx
2024-03-22 13:36:28,998 [WARN] MainUpdater:1194 - Updater busy. Cannot search thirdparties
2024-03-22 13:36:28,999 [INFO] ThirdPartyUpdaterWithRetryManager:96 - Updater plugin is busy. [2/15]
2024-03-22 13:36:30,490 [INFO] ServerAccessManage:473 - Download File STMicroelectronics.X-CUBE-NFC6.pdsc
2024-03-22 13:36:30,765 [INFO] WebApp:161 - Instantiating new browser for Auth
2024-03-22 13:36:31,999 [WARN] MainUpdater:1194 - Updater busy. Cannot search thirdparties
2024-03-22 13:36:31,999 [INFO] ThirdPartyUpdaterWithRetryManager:96 - Updater plugin is busy. [3/15]
2024-03-22 13:36:32,074 [WARN] PackLoader:240 - Cannot read IP mode file for STMicroelectronics.X-CUBE-NFC6.3.1.0
2024-03-22 13:36:32,097 [INFO] PopulateThirdPartyThread:66 - Ending populate Thread
2024-03-22 13:36:32,116 [INFO] ThirdParty:1030 - CMSIS Pack Vendor :STMicroelectronics X-CUBE-NFC6 3.1.0
2024-03-22 13:36:32,117 [INFO] LoadServerUpdatesThread:375 - End of LoadServerUpdate Thread
2024-03-22 13:36:32,166 [INFO] CheckServerUpdateThread:120 - End of CheckServer Thread
2024-03-22 13:36:33,586 [INFO] WebApp:780 - Register for checkConnection events
2024-03-22 13:36:33,586 [INFO] WebApp:414 - Apply proxy settings
2024-03-22 13:36:33,587 [INFO] WebApp:499 - Chromium requires no authentication
2024-03-22 13:36:33,599 [INFO] WebApp:442 - Direct internet connection detected
2024-03-22 13:36:34,125 [INFO] WebApp:192 - Starting web application
2024-03-22 13:36:34,126 [INFO] WebApp:544 - Web application path used C:\ST\STM32CubeIDE_1.14.0\STM32CubeIDE\plugins\com.st.stm32cube.common.mx_6.10.0.202311202037\db\plugins\mcufinder\reactClient1\index.html
2024-03-22 13:36:35,301 [WARN] PackLoader:240 - Cannot read IP mode file for STMicroelectronics.X-CUBE-SMBUS.2.1.0
2024-03-22 13:36:35,308 [WARN] PackLoader:240 - Cannot read IP mode file for STMicroelectronics.X-CUBE-TOUCHGFX.4.23.0
2024-03-22 13:36:35,359 [WARN] PackLoader:240 - Cannot read IP mode file for STMicroelectronics.X-CUBE-AZRTOS-F7.1.1.0
2024-03-22 13:36:35,381 [WARN] PackLoader:240 - Cannot read IP mode file for STMicroelectronics.FP-SNS-MOTENV1.4.3.2
2024-03-22 13:36:35,392 [WARN] PackLoader:240 - Cannot read IP mode file for STMicroelectronics.FP-SNS-FLIGHT1.5.0.2
2024-03-22 13:36:35,405 [WARN] PackLoader:240 - Cannot read IP mode file for STMicroelectronics.X-CUBE-DISPLAY.3.0.0
2024-03-22 13:36:35,426 [WARN] PackLoader:240 - Cannot read IP mode file for STMicroelectronics.X-CUBE-BLE1.7.0.0
2024-03-22 13:36:35,438 [WARN] PackLoader:240 - Cannot read IP mode file for emotas.I-CUBE-CANOPEN.1.3.0
2024-03-22 13:36:35,469 [WARN] PackLoader:240 - Cannot read IP mode file for STMicroelectronics.X-CUBE-BLEMGR.3.1.0
2024-03-22 13:36:35,484 [WARN] PackLoader:240 - Cannot read IP mode file for STMicroelectronics.FP-SNS-SMARTAG2.1.2.0
2024-03-22 13:36:35,524 [INFO] LogOutputStream:77 - [STDOUT_REDIRECT] 1 : Invalid condition id : UX_CORESTACK_Condition cause : null
2024-03-22 13:36:35,531 [INFO] LogOutputStream:77 - [STDOUT_REDIRECT] 1 : Invalid condition id : UX_CORESTACK_Condition cause : null
2024-03-22 13:36:35,533 [INFO] LogOutputStream:77 - [STDOUT_REDIRECT] 1 : Invalid condition id : UX_CORESTACK_Condition cause : null
2024-03-22 13:36:35,535 [INFO] LogOutputStream:77 - [STDOUT_REDIRECT] 1 : Invalid condition id : UX_CORESTACK_Condition cause : null
2024-03-22 13:36:35,537 [INFO] LogOutputStream:77 - [STDOUT_REDIRECT] 1 : Invalid condition id : UX_CORESTACK_Condition cause : null
2024-03-22 13:36:35,558 [WARN] PackLoader:240 - Cannot read IP mode file for STMicroelectronics.X-CUBE-AZRTOS-WL.2.0.0
2024-03-22 13:36:35,576 [WARN] PackLoader:240 - Cannot read IP mode file for WES.I-CUBE-Cesium.1.3.0
2024-03-22 13:36:35,587 [WARN] PackLoader:240 - Cannot read IP mode file for STMicroelectronics.X-CUBE-BLE2.3.3.0
2024-03-22 13:36:35,606 [WARN] PackLoader:240 - Cannot read IP mode file for STMicroelectronics.X-CUBE-ALGOBUILD.1.3.0
2024-03-22 13:36:35,647 [WARN] PackLoader:240 - Cannot read IP mode file for STMicroelectronics.X-CUBE-AZRTOS-G0.1.1.0
2024-03-22 13:36:35,667 [WARN] PackLoader:240 - Cannot read IP mode file for STMicroelectronics.X-CUBE-NFC4.3.0.0
2024-03-22 13:36:35,694 [WARN] PackLoader:240 - Cannot read IP mode file for STMicroelectronics.X-CUBE-BLEMGR.3.0.0
2024-03-22 13:36:35,711 [WARN] PackLoader:240 - Cannot read IP mode file for STMicroelectronics.FP-ATR-SIGFOX1.3.2.0
2024-03-22 13:36:35,728 [WARN] PackLoader:240 - Cannot read IP mode file for STMicroelectronics.X-CUBE-EEPRMA1.5.1.0
2024-03-22 13:36:35,838 [WARN] PackLoader:240 - Cannot read IP mode file for SEGGER.I-CUBE-embOS.1.3.1
2024-03-22 13:36:35,959 [WARN] PackLoader:240 - Cannot read IP mode file for STMicroelectronics.X-CUBE-GNSS1.6.0.0
2024-03-22 13:36:36,025 [WARN] PackLoader:240 - Cannot read IP mode file for STMicroelectronics.X-CUBE-AZRTOS-F4.1.1.0
2024-03-22 13:36:36,042 [WARN] PackLoader:240 - Cannot read IP mode file for wolfSSL.I-CUBE-wolfSSL.5.6.6
2024-03-22 13:36:36,336 [WARN] PackLoader:240 - Cannot read IP mode file for STMicroelectronics.X-CUBE-AZRTOS-L5.2.0.0
2024-03-22 13:36:36,370 [WARN] PackLoader:240 - Cannot read IP mode file for STMicroelectronics.X-CUBE-EEPRMA1.4.2.0
2024-03-22 13:36:36,405 [WARN] PackLoader:240 - Cannot read IP mode file for STMicroelectronics.X-CUBE-NFC6.3.1.0
2024-03-22 13:36:36,424 [WARN] PackLoader:240 - Cannot read IP mode file for ITTIA_DB.I-CUBE-ITTIADB.8.8.0
2024-03-22 13:36:36,445 [WARN] PackLoader:240 - Cannot read IP mode file for STMicroelectronics.X-CUBE-NFC7.1.0.1
2024-03-22 13:36:36,482 [WARN] PackLoader:240 - Cannot read IP mode file for STMicroelectronics.X-CUBE-NFC6.3.0.0
2024-03-22 13:36:36,511 [WARN] PackLoader:240 - Cannot read IP mode file for STMicroelectronics.X-CUBE-AI.8.1.0
2024-03-22 13:36:36,592 [WARN] ConditionMgr:438 - getConditionDescription Invalid condition id : LAN8742 Phy interface Condition cause : null
2024-03-22 13:36:36,595 [WARN] PackLoader:240 - Cannot read IP mode file for STMicroelectronics.X-CUBE-AZRTOS-L4.2.0.0
2024-03-22 13:36:36,604 [WARN] ConditionMgr:1039 - genDependencies : Invalid condition id : LAN8742 Phy interface Condition cause : null
2024-03-22 13:36:36,605 [WARN] ConditionMgr:1039 - genDependencies : Invalid condition id : LAN8742 Phy interface Condition cause : null
2024-03-22 13:36:36,610 [WARN] ConditionMgr:1039 - genDependencies : Invalid condition id : LAN8742 Phy interface Condition cause : null
2024-03-22 13:36:36,654 [WARN] PackLoader:240 - Cannot read IP mode file for STMicroelectronics.X-CUBE-SFXS2LP1.4.0.0
2024-03-22 13:36:36,730 [WARN] ConditionMgr:438 - getConditionDescription Invalid condition id : UX DEVICE CLASS RTOS Condition cause : null
2024-03-22 13:36:36,731 [WARN] ConditionMgr:438 - getConditionDescription Invalid condition id : UX DEVICE CLASS RTOS Condition cause : null
2024-03-22 13:36:36,747 [WARN] PackLoader:240 - Cannot read IP mode file for STMicroelectronics.X-CUBE-AZRTOS-WB.2.0.0
2024-03-22 13:36:36,751 [WARN] ConditionMgr:1039 - genDependencies : Invalid condition id : UX DEVICE CLASS RTOS Condition cause : null
2024-03-22 13:36:36,751 [WARN] ConditionMgr:1039 - genDependencies : Invalid condition id : UX DEVICE CLASS RTOS Condition cause : null
2024-03-22 13:36:36,754 [WARN] ConditionMgr:1039 - genDependencies : Invalid condition id : UX DEVICE CLASS RTOS Condition cause : null
2024-03-22 13:36:36,755 [WARN] ConditionMgr:1039 - genDependencies : Invalid condition id : UX DEVICE CLASS RTOS Condition cause : null
2024-03-22 13:36:36,755 [WARN] ConditionMgr:1039 - genDependencies : Invalid condition id : UX DEVICE CLASS RTOS Condition cause : null
2024-03-22 13:36:36,814 [WARN] PackLoader:240 - Cannot read IP mode file for STMicroelectronics.X-CUBE-SUBG2.5.0.0
2024-03-22 13:36:36,953 [WARN] PackLoader:240 - Cannot read IP mode file for STMicroelectronics.X-CUBE-AZRTOS-G4.2.0.0
2024-03-22 13:36:37,042 [WARN] PackLoader:240 - Cannot read IP mode file for Infineon.AIROC-Wi-Fi-Bluetooth-STM32.1.5.1
2024-03-22 13:36:37,071 [WARN] PackLoader:240 - Cannot read IP mode file for STMicroelectronics.FP-SNS-MOTENVWB1.1.3.1
2024-03-22 13:36:37,088 [WARN] PackLoader:240 - Cannot read IP mode file for STMicroelectronics.X-CUBE-ISPU.2.0.0
2024-03-22 13:36:37,349 [WARN] PackLoader:240 - Cannot read IP mode file for STMicroelectronics.X-CUBE-MEMS1.10.0.0
2024-03-22 13:36:37,960 [WARN] PackLoader:240 - Cannot read IP mode file for STMicroelectronics.X-CUBE-FREERTOS.1.1.0
2024-03-22 13:36:37,973 [WARN] PackLoader:240 - Cannot read IP mode file for portGmbH.I-Cube-SoM-uGOAL.1.1.0
2024-03-22 13:36:37,982 [WARN] PackLoader:240 - Cannot read IP mode file for STMicroelectronics.X-CUBE-ALS.1.0.1
2024-03-22 13:36:37,989 [WARN] PackLoader:240 - Cannot read IP mode file for STMicroelectronics.FP-ATR-ASTRA1.2.0.0
2024-03-22 13:36:38,019 [WARN] PackLoader:240 - Cannot read IP mode file for STMicroelectronics.X-CUBE-TOF1.3.4.0
2024-03-22 13:36:38,085 [WARN] PackLoader:240 - Cannot read IP mode file for STMicroelectronics.X-CUBE-TOF1.3.4.1
2024-03-22 13:36:38,188 [WARN] PackLoader:240 - Cannot read IP mode file for STMicroelectronics.X-CUBE-AZRTOS-H7.3.2.0
2024-03-22 13:36:38,202 [INFO] ThirdParty:978 - Integrity check success = true
2024-03-22 13:36:38,202 [INFO] IntegrityCheckThread:100 - exiting critical section [integrity check]
2024-03-22 13:36:38,203 [INFO] IntegrityCheckThread:103 - End integrity checks thread
2024-03-22 13:36:57,010 [ERROR] LogOutputStream:75 - [STDERR_REDIRECT] SLF4J: Failed to load class "org.slf4j.impl.StaticLoggerBinder".
2024-03-22 13:36:57,018 [ERROR] LogOutputStream:75 - [STDERR_REDIRECT] SLF4J: Defaulting to no-operation (NOP) logger implementation
2024-03-22 13:36:57,022 [ERROR] LogOutputStream:75 - [STDERR_REDIRECT] SLF4J: See http://www.slf4j.org/codes.html#StaticLoggerBinder for further details.
2024-03-22 15:46:34,686 [ERROR] LogOutputStream:75 - [STDERR_REDIRECT] 
