2024-03-14 12:45:11,855 [INFO] Activator:176 - 


2024-03-14 12:45:11,861 [INFO] Activator:177 - !SESSION log4j initialized
2024-03-14 12:45:18,157 [INFO] LogOutputStream:77 - [STDOUT_REDIRECT] 
2024-03-14 12:45:19,759 [INFO] ApplicationProperties:184 - Using Application install path: C:\ST\STM32CubeIDE_1.14.0\STM32CubeIDE\plugins\com.st.stm32cube.common.mx_6.10.0.202311202037
2024-03-14 12:45:19,787 [INFO] DbMcusXml:78 - Set database path to: C:\ST\STM32CubeIDE_1.14.0\STM32CubeIDE\plugins\com.st.stm32cube.common.mx_6.10.0.202311202037\\db\/mcu/
2024-03-14 12:45:19,788 [INFO] ApiDb:274 - Set plugin database path to: C:\ST\STM32CubeIDE_1.14.0\STM32CubeIDE\plugins\com.st.stm32cube.common.mx_6.10.0.202311202037\\db\/plugins/boardmanager/
2024-03-14 12:45:19,789 [WARN] ApiDb:259 - Overriding images path with different value:  => C:\ST\STM32CubeIDE_1.14.0\STM32CubeIDE\plugins\com.st.stm32cube.common.mx_6.10.0.202311202037\\db\/plugins/mcufinder/images/
2024-03-14 12:45:19,800 [INFO] ApiDb:250 - Set database path to: C:\Users\compumart\.stmcufinder\plugins\mcufinder//mcu/
2024-03-14 12:45:19,802 [INFO] DbMcusAds:125 - Set database path to: C:\Users\compumart\.stmcufinder\plugins\mcufinder//mcu/
2024-03-14 12:45:19,805 [INFO] CrossReferenceDbSqlite:203 - Set database path to: C:\Users\compumart\.stmcufinder\plugins\mcufinder//mcu/cs/
2024-03-14 12:45:19,972 [INFO] RulesReader:64 - Compatibility file has been processed (297 Rules)
2024-03-14 12:45:20,072 [INFO] DbMcusXml:78 - Set database path to: C:\ST\STM32CubeIDE_1.14.0\STM32CubeIDE\plugins\com.st.stm32cube.common.mx_6.10.0.202311202037\\db\/mcu/
2024-03-14 12:45:20,073 [INFO] ApiDb:274 - Set plugin database path to: C:\ST\STM32CubeIDE_1.14.0\STM32CubeIDE\plugins\com.st.stm32cube.common.mx_6.10.0.202311202037\\db\/plugins/boardmanager/
2024-03-14 12:45:20,073 [INFO] ApiDb:261 - Set plugin images path to: C:\ST\STM32CubeIDE_1.14.0\STM32CubeIDE\plugins\com.st.stm32cube.common.mx_6.10.0.202311202037\\db\/plugins/mcufinder/images/
2024-03-14 12:45:20,073 [WARN] DbFile:41 - Overriding database path with different value: C:\Users\compumart\.stmcufinder\plugins\mcufinder/ => C:\Users\compumart\.stmcufinder\plugins\mcufinder
2024-03-14 12:45:20,073 [INFO] ApiDb:250 - Set database path to: C:\Users\compumart\.stmcufinder\plugins\mcufinder//mcu/
2024-03-14 12:45:20,073 [WARN] DbFile:41 - Overriding database path with different value: C:\Users\compumart\.stmcufinder\plugins\mcufinder/ => C:\Users\compumart\.stmcufinder\plugins\mcufinder
2024-03-14 12:45:20,073 [INFO] DbMcusAds:125 - Set database path to: C:\Users\compumart\.stmcufinder\plugins\mcufinder//mcu/
2024-03-14 12:45:20,073 [WARN] DbFile:41 - Overriding database path with different value: C:\Users\compumart\.stmcufinder\plugins\mcufinder/ => C:\Users\compumart\.stmcufinder\plugins\mcufinder
2024-03-14 12:45:20,074 [WARN] DbFile:41 - Overriding database path with different value: C:\Users\compumart\.stmcufinder\plugins\mcufinder/ => C:\Users\compumart\.stmcufinder\plugins\mcufinder
2024-03-14 12:45:20,074 [INFO] CrossReferenceDbSqlite:203 - Set database path to: C:\Users\compumart\.stmcufinder\plugins\mcufinder//mcu/cs/
2024-03-14 12:45:20,172 [INFO] MainPanel:264 - HeapMemory: 268435456
2024-03-14 12:45:20,291 [INFO] DbMcusXml:78 - Set database path to: C:\ST\STM32CubeIDE_1.14.0\STM32CubeIDE\plugins\com.st.stm32cube.common.mx_6.10.0.202311202037\\db\/mcu/
2024-03-14 12:45:20,291 [INFO] ApiDb:274 - Set plugin database path to: C:\ST\STM32CubeIDE_1.14.0\STM32CubeIDE\plugins\com.st.stm32cube.common.mx_6.10.0.202311202037\\db\/plugins/boardmanager/
2024-03-14 12:45:20,291 [INFO] ApiDb:261 - Set plugin images path to: C:\ST\STM32CubeIDE_1.14.0\STM32CubeIDE\plugins\com.st.stm32cube.common.mx_6.10.0.202311202037\\db\/plugins/mcufinder/images/
2024-03-14 12:45:20,292 [WARN] DbFile:41 - Overriding database path with different value: C:\Users\compumart\.stmcufinder\plugins\mcufinder/ => C:\Users\compumart\.stmcufinder\plugins\mcufinder
2024-03-14 12:45:20,292 [INFO] ApiDb:250 - Set database path to: C:\Users\compumart\.stmcufinder\plugins\mcufinder//mcu/
2024-03-14 12:45:20,292 [WARN] DbFile:41 - Overriding database path with different value: C:\Users\compumart\.stmcufinder\plugins\mcufinder/ => C:\Users\compumart\.stmcufinder\plugins\mcufinder
2024-03-14 12:45:20,292 [INFO] DbMcusAds:125 - Set database path to: C:\Users\compumart\.stmcufinder\plugins\mcufinder//mcu/
2024-03-14 12:45:20,292 [WARN] DbFile:41 - Overriding database path with different value: C:\Users\compumart\.stmcufinder\plugins\mcufinder/ => C:\Users\compumart\.stmcufinder\plugins\mcufinder
2024-03-14 12:45:20,292 [WARN] DbFile:41 - Overriding database path with different value: C:\Users\compumart\.stmcufinder\plugins\mcufinder/ => C:\Users\compumart\.stmcufinder\plugins\mcufinder
2024-03-14 12:45:20,292 [INFO] CrossReferenceDbSqlite:203 - Set database path to: C:\Users\compumart\.stmcufinder\plugins\mcufinder//mcu/cs/
2024-03-14 12:45:20,314 [INFO] ApplicationProperties:184 - Using Application install path: C:\ST\STM32CubeIDE_1.14.0\STM32CubeIDE\plugins\com.st.stm32cube.common.mx_6.10.0.202311202037
2024-03-14 12:45:20,316 [INFO] PluginManage:196 - Search for loadable plugins [exclusion list=, ]
2024-03-14 12:45:20,318 [INFO] PluginManage:310 - Check plugin analytics
2024-03-14 12:45:20,544 [INFO] AnalyticsPlugin:253 - Accepted Software Licenses: 
2024-03-14 12:45:20,544 [INFO] AnalyticsPlugin:255 - Accepted CMSIS Pack Licenses: 
2024-03-14 12:45:20,544 [INFO] AnalyticsPlugin:257 - Accepted Firmware Licenses: 
2024-03-14 12:45:20,549 [INFO] PluginManage:359 - Loaded plugin analytics (category:tool,tabindex:-1)
2024-03-14 12:45:20,549 [INFO] PluginManage:310 - Check plugin cadmodel
2024-03-14 12:45:20,554 [INFO] CADModel:105 - Init CAD model plugin
2024-03-14 12:45:20,554 [INFO] PluginManage:359 - Loaded plugin cadmodel (category:power,tabindex:5)
2024-03-14 12:45:20,554 [INFO] PluginManage:310 - Check plugin clock
2024-03-14 12:45:20,566 [INFO] PluginManage:359 - Loaded plugin clock (category:base,tabindex:2)
2024-03-14 12:45:20,566 [INFO] PluginManage:310 - Check plugin ddr
2024-03-14 12:45:20,571 [INFO] PluginManage:359 - Loaded plugin ddr (category:tool,tabindex:6)
2024-03-14 12:45:20,571 [INFO] PluginManage:310 - Check plugin filemanager
2024-03-14 12:45:20,748 [INFO] PluginManage:359 - Loaded plugin filemanager (category:base,tabindex:10)
2024-03-14 12:45:20,748 [INFO] PluginManage:310 - Check plugin ipmanager
2024-03-14 12:45:20,757 [INFO] PluginManage:359 - Loaded plugin ipmanager (category:base,tabindex:5)
2024-03-14 12:45:20,757 [INFO] PluginManage:310 - Check plugin lpbam
2024-03-14 12:45:20,766 [INFO] PluginManage:359 - Loaded plugin lpbam (category:base,tabindex:0)
2024-03-14 12:45:20,767 [INFO] PluginManage:310 - Check plugin memorymap
2024-03-14 12:45:20,787 [INFO] PluginManage:359 - Loaded plugin memorymap (category:base,tabindex:4)
2024-03-14 12:45:20,787 [INFO] PluginManage:310 - Check plugin pinoutandconfiguration
2024-03-14 12:45:20,793 [INFO] PluginManage:359 - Loaded plugin pinoutandconfiguration (category:base,tabindex:1)
2024-03-14 12:45:20,794 [INFO] PluginManage:310 - Check plugin pinoutconfig
2024-03-14 12:45:20,924 [WARN] SupportedApi:132 - Cannot load RTOS API schema: s4s-elt-must-match.1: The content of 'definitions' must match (annotation?, (simpleType | complexType)?, (unique | key | keyref)*)). A problem was found starting at: attribute.
2024-03-14 12:45:21,113 [INFO] PluginManage:359 - Loaded plugin pinoutconfig (category:base,tabindex:0)
2024-03-14 12:45:21,113 [INFO] PluginManage:310 - Check plugin power
2024-03-14 12:45:21,132 [INFO] PluginManage:359 - Loaded plugin power (category:power,tabindex:4)
2024-03-14 12:45:21,132 [INFO] PluginManage:310 - Check plugin projectmanager
2024-03-14 12:45:21,154 [INFO] PluginManage:359 - Loaded plugin projectmanager (category:projectmanager,tabindex:3)
2024-03-14 12:45:21,154 [INFO] PluginManage:310 - Check plugin thirdparty
2024-03-14 12:45:21,355 [INFO] PluginManage:359 - Loaded plugin thirdparty (category:base,tabindex:-1)
2024-03-14 12:45:21,355 [WARN] IntegrityCheckThread:84 - waiting for thirdparty lock release [integrity check]
2024-03-14 12:45:21,355 [INFO] PluginManage:310 - Check plugin tools
2024-03-14 12:45:21,355 [INFO] IntegrityCheckThread:86 - entering critical section [integrity check]
2024-03-14 12:45:21,356 [INFO] ThirdPartyUpdaterWithRetryManager:70 - Updater plugin not ready yet. [1/15]
2024-03-14 12:45:21,360 [INFO] PluginManage:359 - Loaded plugin tools (category:base,tabindex:7)
2024-03-14 12:45:21,360 [INFO] PluginManage:310 - Check plugin tutovideos
2024-03-14 12:45:21,587 [INFO] PluginManage:359 - Loaded plugin tutovideos (category:base,tabindex:-1)
2024-03-14 12:45:21,588 [INFO] PluginManage:310 - Check plugin updater
2024-03-14 12:45:21,603 [INFO] PluginManage:359 - Loaded plugin updater (category:base,tabindex:12)
2024-03-14 12:45:21,603 [INFO] PluginManage:310 - Check plugin userauth
2024-03-14 12:45:21,610 [INFO] UserAuth:114 - Init User Auth plugin
2024-03-14 12:45:21,610 [INFO] PluginManage:359 - Loaded plugin userauth (category:base,tabindex:14)
2024-03-14 12:45:21,611 [INFO] PluginManage:283 - PluginManage : Loaded plugins [17]
2024-03-14 12:45:21,871 [INFO] PinOutPanel:1499 - setPackage(No Configuration,No Configuration)
2024-03-14 12:45:21,963 [INFO] CADModel:165 - CPN selected for project level
2024-03-14 12:45:21,963 [INFO] CADModel:114 - Register for checkConnection events
2024-03-14 12:45:21,986 [INFO] IPUIPlugin:80 - create IPUIPlugin
2024-03-14 12:45:21,987 [INFO] PluginManager:220 - loadIPPluginJar : add adc
2024-03-14 12:45:21,992 [INFO] IPUIPlugin:80 - create IPUIPlugin
2024-03-14 12:45:21,992 [INFO] PluginManager:220 - loadIPPluginJar : add aes
2024-03-14 12:45:21,996 [INFO] IPUIPlugin:80 - create IPUIPlugin
2024-03-14 12:45:21,997 [INFO] PluginManager:220 - loadIPPluginJar : add can
2024-03-14 12:45:21,999 [INFO] IPUIPlugin:80 - create IPUIPlugin
2024-03-14 12:45:21,999 [INFO] PluginManager:220 - loadIPPluginJar : add comp
2024-03-14 12:45:22,003 [INFO] IPUIPlugin:80 - create IPUIPlugin
2024-03-14 12:45:22,003 [INFO] PluginManager:220 - loadIPPluginJar : add cryp
2024-03-14 12:45:22,006 [INFO] IPUIPlugin:80 - create IPUIPlugin
2024-03-14 12:45:22,007 [INFO] PluginManager:220 - loadIPPluginJar : add dfsdm
2024-03-14 12:45:22,013 [INFO] IPUIPlugin:80 - create IPUIPlugin
2024-03-14 12:45:22,014 [INFO] PluginManager:220 - loadIPPluginJar : add dma
2024-03-14 12:45:22,018 [INFO] IPUIPlugin:80 - create IPUIPlugin
2024-03-14 12:45:22,018 [INFO] PluginManager:220 - loadIPPluginJar : add dma3
2024-03-14 12:45:22,020 [INFO] IPUIPlugin:80 - create IPUIPlugin
2024-03-14 12:45:22,020 [INFO] PluginManager:220 - loadIPPluginJar : add fatfs
2024-03-14 12:45:22,025 [INFO] IPUIPlugin:80 - create IPUIPlugin
2024-03-14 12:45:22,025 [INFO] PluginManager:220 - loadIPPluginJar : add fmc
2024-03-14 12:45:22,033 [INFO] IPUIPlugin:80 - create IPUIPlugin
2024-03-14 12:45:22,033 [INFO] PluginManager:220 - loadIPPluginJar : add freertos
2024-03-14 12:45:22,035 [INFO] IPUIPlugin:80 - create IPUIPlugin
2024-03-14 12:45:22,035 [INFO] PluginManager:220 - loadIPPluginJar : add genericplugin
2024-03-14 12:45:22,038 [INFO] IPUIPlugin:80 - create IPUIPlugin
2024-03-14 12:45:22,038 [INFO] PluginManager:220 - loadIPPluginJar : add gfxmmu
2024-03-14 12:45:22,044 [INFO] IPUIPlugin:80 - create IPUIPlugin
2024-03-14 12:45:22,044 [INFO] PluginManager:220 - loadIPPluginJar : add gic
2024-03-14 12:45:22,049 [INFO] IPUIPlugin:80 - create IPUIPlugin
2024-03-14 12:45:22,049 [INFO] PluginManager:220 - loadIPPluginJar : add gpio
2024-03-14 12:45:22,053 [INFO] IPUIPlugin:80 - create IPUIPlugin
2024-03-14 12:45:22,053 [INFO] PluginManager:220 - loadIPPluginJar : add gtzc
2024-03-14 12:45:22,056 [INFO] IPUIPlugin:80 - create IPUIPlugin
2024-03-14 12:45:22,056 [INFO] PluginManager:220 - loadIPPluginJar : add hash
2024-03-14 12:45:22,060 [INFO] IPUIPlugin:80 - create IPUIPlugin
2024-03-14 12:45:22,060 [INFO] PluginManager:220 - loadIPPluginJar : add i2c
2024-03-14 12:45:22,063 [INFO] IPUIPlugin:80 - create IPUIPlugin
2024-03-14 12:45:22,063 [INFO] PluginManager:220 - loadIPPluginJar : add i2s
2024-03-14 12:45:22,066 [INFO] IPUIPlugin:80 - create IPUIPlugin
2024-03-14 12:45:22,066 [INFO] PluginManager:220 - loadIPPluginJar : add i3c
2024-03-14 12:45:22,071 [INFO] IPUIPlugin:80 - create IPUIPlugin
2024-03-14 12:45:22,071 [INFO] PluginManager:220 - loadIPPluginJar : add ipddr
2024-03-14 12:45:22,078 [INFO] IPUIPlugin:80 - create IPUIPlugin
2024-03-14 12:45:22,078 [INFO] PluginManager:220 - loadIPPluginJar : add linkedlist
2024-03-14 12:45:22,082 [INFO] IPUIPlugin:80 - create IPUIPlugin
2024-03-14 12:45:22,082 [INFO] PluginManager:220 - loadIPPluginJar : add lorawan
2024-03-14 12:45:22,084 [INFO] IPUIPlugin:80 - create IPUIPlugin
2024-03-14 12:45:22,084 [INFO] PluginManager:220 - loadIPPluginJar : add ltdc
2024-03-14 12:45:22,090 [INFO] IPUIPlugin:80 - create IPUIPlugin
2024-03-14 12:45:22,090 [INFO] PluginManager:220 - loadIPPluginJar : add mdma
2024-03-14 12:45:22,094 [INFO] IPUIPlugin:80 - create IPUIPlugin
2024-03-14 12:45:22,094 [INFO] PluginManager:220 - loadIPPluginJar : add nvic
2024-03-14 12:45:22,098 [INFO] IPUIPlugin:80 - create IPUIPlugin
2024-03-14 12:45:22,098 [INFO] PluginManager:220 - loadIPPluginJar : add opamp
2024-03-14 12:45:22,102 [INFO] IPUIPlugin:80 - create IPUIPlugin
2024-03-14 12:45:22,102 [INFO] PluginManager:220 - loadIPPluginJar : add openamp
2024-03-14 12:45:22,105 [INFO] IPUIPlugin:80 - create IPUIPlugin
2024-03-14 12:45:22,106 [INFO] PluginManager:220 - loadIPPluginJar : add pdm2pcm
2024-03-14 12:45:22,112 [INFO] IPUIPlugin:80 - create IPUIPlugin
2024-03-14 12:45:22,115 [INFO] PluginManager:220 - loadIPPluginJar : add plateformsettings
2024-03-14 12:45:22,117 [INFO] IPUIPlugin:80 - create IPUIPlugin
2024-03-14 12:45:22,117 [INFO] PluginManager:220 - loadIPPluginJar : add quadspi
2024-03-14 12:45:22,122 [INFO] IPUIPlugin:80 - create IPUIPlugin
2024-03-14 12:45:22,122 [INFO] PluginManager:220 - loadIPPluginJar : add resmgrutility
2024-03-14 12:45:22,126 [INFO] IPUIPlugin:80 - create IPUIPlugin
2024-03-14 12:45:22,126 [INFO] PluginManager:220 - loadIPPluginJar : add sai
2024-03-14 12:45:22,132 [INFO] IPUIPlugin:80 - create IPUIPlugin
2024-03-14 12:45:22,132 [INFO] PluginManager:220 - loadIPPluginJar : add spi
2024-03-14 12:45:22,139 [INFO] IPUIPlugin:80 - create IPUIPlugin
2024-03-14 12:45:22,139 [INFO] PluginManager:220 - loadIPPluginJar : add stm32_wpan
2024-03-14 12:45:22,141 [INFO] IPUIPlugin:80 - create IPUIPlugin
2024-03-14 12:45:22,142 [INFO] PluginManager:220 - loadIPPluginJar : add tim
2024-03-14 12:45:22,147 [INFO] IPUIPlugin:80 - create IPUIPlugin
2024-03-14 12:45:22,147 [INFO] PluginManager:220 - loadIPPluginJar : add touchsensing
2024-03-14 12:45:22,149 [INFO] IPUIPlugin:80 - create IPUIPlugin
2024-03-14 12:45:22,150 [INFO] PluginManager:220 - loadIPPluginJar : add tracer_emb
2024-03-14 12:45:22,152 [INFO] IPUIPlugin:80 - create IPUIPlugin
2024-03-14 12:45:22,152 [INFO] PluginManager:220 - loadIPPluginJar : add ts
2024-03-14 12:45:22,154 [INFO] IPUIPlugin:80 - create IPUIPlugin
2024-03-14 12:45:22,154 [INFO] PluginManager:220 - loadIPPluginJar : add tsc
2024-03-14 12:45:22,156 [INFO] IPUIPlugin:80 - create IPUIPlugin
2024-03-14 12:45:22,157 [INFO] PluginManager:220 - loadIPPluginJar : add ucpd
2024-03-14 12:45:22,159 [INFO] IPUIPlugin:80 - create IPUIPlugin
2024-03-14 12:45:22,159 [INFO] PluginManager:220 - loadIPPluginJar : add usart
2024-03-14 12:45:22,163 [INFO] IPUIPlugin:80 - create IPUIPlugin
2024-03-14 12:45:22,163 [INFO] PluginManager:220 - loadIPPluginJar : add usbx
2024-03-14 12:45:22,313 [INFO] CADModel:165 - CPN selected for project level
2024-03-14 12:45:22,313 [INFO] CADModel:114 - Register for checkConnection events
2024-03-14 12:45:22,313 [FATAL] Updater:308 - Updater called before beeing initialized
2024-03-14 12:45:22,314 [ERROR] CADModel:125 - Updater not yet initialized, retry later 
2024-03-14 12:45:22,524 [INFO] CADModel:165 - CPN selected for project level
2024-03-14 12:45:22,524 [INFO] CADModel:114 - Register for checkConnection events
2024-03-14 12:45:22,525 [FATAL] Updater:308 - Updater called before beeing initialized
2024-03-14 12:45:22,525 [ERROR] CADModel:125 - Updater not yet initialized, retry later 
2024-03-14 12:45:22,529 [FATAL] Updater:308 - Updater called before beeing initialized
2024-03-14 12:45:22,647 [FATAL] Updater:308 - Updater called before beeing initialized
2024-03-14 12:45:22,654 [INFO] DbMcusAds:53 - JSON generation date=Wed Nov 29 12:52:27 EET 2023 (1701255147349)
2024-03-14 12:45:22,654 [FATAL] Updater:308 - Updater called before beeing initialized
2024-03-14 12:45:22,752 [WARN] DetailPanel:346 - Failed to get advertising image, set to default
2024-03-14 12:45:22,891 [FATAL] Updater:308 - Updater called before beeing initialized
2024-03-14 12:45:22,893 [FATAL] Updater:308 - Updater called before beeing initialized
2024-03-14 12:45:22,893 [FATAL] Updater:308 - Updater called before beeing initialized
2024-03-14 12:45:22,894 [WARN] DetailPanel:346 - Failed to get advertising image, set to default
2024-03-14 12:45:22,894 [FATAL] Updater:308 - Updater called before beeing initialized
2024-03-14 12:45:22,955 [ERROR] Updater:1120 - MainUpdater not yet initialized. External WinMGr cannot be set.
2024-03-14 12:45:22,959 [INFO] Updater:1056 - Updater Version found : 6.10.0
2024-03-14 12:45:22,986 [INFO] ApplicationProperties:184 - Using Application install path: C:\ST\STM32CubeIDE_1.14.0\STM32CubeIDE\plugins\com.st.stm32cube.common.mx_6.10.0.202311202037
2024-03-14 12:45:24,358 [INFO] ThirdPartyUpdaterWithRetryManager:70 - Updater plugin not ready yet. [2/15]
2024-03-14 12:45:24,564 [ERROR] LogOutputStream:75 - [STDERR_REDIRECT] Mar 14, 2024 12:45:24 PM java.util.prefs.WindowsPreferences <init>
2024-03-14 12:45:24,567 [ERROR] LogOutputStream:75 - [STDERR_REDIRECT] WARNING: Could not open/create prefs root node Software\JavaSoft\Prefs at root 0xffffffff80000002. Windows RegCreateKeyEx(...) returned error code 5.
2024-03-14 12:45:24,567 [ERROR] LogOutputStream:75 - [STDERR_REDIRECT] 
2024-03-14 12:45:24,956 [INFO] MainUpdater:2873 - connection check result : 10
2024-03-14 12:45:24,957 [INFO] MainUpdater:290 - Updater Check For Update Now.
2024-03-14 12:45:24,957 [INFO] MicroXplorer:498 - Change Database Version : DB.6.0.100
2024-03-14 12:45:24,964 [INFO] McuFinderGlobals:63 - Set McuFinder mode to 2 (CubeIDE integrated)
2024-03-14 12:45:24,964 [INFO] UserAuth:180 - activating auth plugin
2024-03-14 12:45:24,967 [INFO] UserAuth:404 - Internet connection configuration mode: 1
2024-03-14 12:45:24,998 [INFO] JxBrowserEngine:152 - Initiate JxBrowser Engine with user profile folder
2024-03-14 12:45:25,129 [INFO] CheckServerUpdateThread:120 - End of CheckServer Thread
2024-03-14 12:45:27,273 [INFO] WebApp:161 - Instantiating new browser for Auth
2024-03-14 12:45:27,797 [WARN] PackLoader:240 - Cannot read IP mode file for STMicroelectronics.X-CUBE-SMBUS.2.1.0
2024-03-14 12:45:27,812 [WARN] PackLoader:240 - Cannot read IP mode file for STMicroelectronics.X-CUBE-TOUCHGFX.4.23.0
2024-03-14 12:45:27,870 [WARN] PackLoader:240 - Cannot read IP mode file for STMicroelectronics.X-CUBE-AZRTOS-F7.1.1.0
2024-03-14 12:45:27,894 [WARN] PackLoader:240 - Cannot read IP mode file for STMicroelectronics.FP-SNS-MOTENV1.4.3.2
2024-03-14 12:45:27,907 [WARN] PackLoader:240 - Cannot read IP mode file for STMicroelectronics.FP-SNS-FLIGHT1.5.0.2
2024-03-14 12:45:27,925 [WARN] PackLoader:240 - Cannot read IP mode file for STMicroelectronics.X-CUBE-DISPLAY.3.0.0
2024-03-14 12:45:27,949 [WARN] PackLoader:240 - Cannot read IP mode file for STMicroelectronics.X-CUBE-BLE1.7.0.0
2024-03-14 12:45:27,963 [WARN] PackLoader:240 - Cannot read IP mode file for emotas.I-CUBE-CANOPEN.1.3.0
2024-03-14 12:45:27,990 [WARN] PackLoader:240 - Cannot read IP mode file for STMicroelectronics.X-CUBE-BLEMGR.3.1.0
2024-03-14 12:45:28,004 [WARN] PackLoader:240 - Cannot read IP mode file for STMicroelectronics.FP-SNS-SMARTAG2.1.2.0
2024-03-14 12:45:28,022 [INFO] LogOutputStream:77 - [STDOUT_REDIRECT] 1 : Invalid condition id : UX_CORESTACK_Condition cause : null
2024-03-14 12:45:28,024 [INFO] LogOutputStream:77 - [STDOUT_REDIRECT] 1 : Invalid condition id : UX_CORESTACK_Condition cause : null
2024-03-14 12:45:28,026 [INFO] LogOutputStream:77 - [STDOUT_REDIRECT] 1 : Invalid condition id : UX_CORESTACK_Condition cause : null
2024-03-14 12:45:28,027 [INFO] LogOutputStream:77 - [STDOUT_REDIRECT] 1 : Invalid condition id : UX_CORESTACK_Condition cause : null
2024-03-14 12:45:28,031 [INFO] LogOutputStream:77 - [STDOUT_REDIRECT] 1 : Invalid condition id : UX_CORESTACK_Condition cause : null
2024-03-14 12:45:28,036 [WARN] PackLoader:240 - Cannot read IP mode file for STMicroelectronics.X-CUBE-AZRTOS-WL.2.0.0
2024-03-14 12:45:28,054 [WARN] PackLoader:240 - Cannot read IP mode file for WES.I-CUBE-Cesium.1.3.0
2024-03-14 12:45:28,063 [WARN] PackLoader:240 - Cannot read IP mode file for STMicroelectronics.X-CUBE-BLE2.3.3.0
2024-03-14 12:45:28,075 [WARN] PackLoader:240 - Cannot read IP mode file for STMicroelectronics.X-CUBE-ALGOBUILD.1.3.0
2024-03-14 12:45:28,109 [WARN] PackLoader:240 - Cannot read IP mode file for STMicroelectronics.X-CUBE-AZRTOS-G0.1.1.0
2024-03-14 12:45:28,123 [WARN] PackLoader:240 - Cannot read IP mode file for STMicroelectronics.X-CUBE-NFC4.3.0.0
2024-03-14 12:45:28,153 [WARN] PackLoader:240 - Cannot read IP mode file for STMicroelectronics.X-CUBE-BLEMGR.3.0.0
2024-03-14 12:45:28,167 [WARN] PackLoader:240 - Cannot read IP mode file for STMicroelectronics.FP-ATR-SIGFOX1.3.2.0
2024-03-14 12:45:28,181 [WARN] PackLoader:240 - Cannot read IP mode file for STMicroelectronics.X-CUBE-EEPRMA1.5.1.0
2024-03-14 12:45:28,268 [WARN] PackLoader:240 - Cannot read IP mode file for SEGGER.I-CUBE-embOS.1.3.1
2024-03-14 12:45:28,379 [WARN] PackLoader:240 - Cannot read IP mode file for STMicroelectronics.X-CUBE-GNSS1.6.0.0
2024-03-14 12:45:28,843 [WARN] PackLoader:240 - Cannot read IP mode file for STMicroelectronics.X-CUBE-AZRTOS-F4.1.1.0
2024-03-14 12:45:29,063 [WARN] PackLoader:240 - Cannot read IP mode file for wolfSSL.I-CUBE-wolfSSL.5.6.6
2024-03-14 12:45:29,106 [WARN] PackLoader:240 - Cannot read IP mode file for STMicroelectronics.X-CUBE-AZRTOS-L5.2.0.0
2024-03-14 12:45:29,130 [WARN] PackLoader:240 - Cannot read IP mode file for STMicroelectronics.X-CUBE-EEPRMA1.4.2.0
2024-03-14 12:45:29,143 [WARN] PackLoader:240 - Cannot read IP mode file for ITTIA_DB.I-CUBE-ITTIADB.8.8.0
2024-03-14 12:45:29,155 [WARN] PackLoader:240 - Cannot read IP mode file for STMicroelectronics.X-CUBE-NFC7.1.0.1
2024-03-14 12:45:29,170 [WARN] PackLoader:240 - Cannot read IP mode file for STMicroelectronics.X-CUBE-NFC6.3.0.0
2024-03-14 12:45:29,182 [WARN] PackLoader:240 - Cannot read IP mode file for STMicroelectronics.X-CUBE-AI.8.1.0
2024-03-14 12:45:29,224 [WARN] ConditionMgr:438 - getConditionDescription Invalid condition id : LAN8742 Phy interface Condition cause : null
2024-03-14 12:45:29,226 [WARN] PackLoader:240 - Cannot read IP mode file for STMicroelectronics.X-CUBE-AZRTOS-L4.2.0.0
2024-03-14 12:45:29,229 [WARN] ConditionMgr:1039 - genDependencies : Invalid condition id : LAN8742 Phy interface Condition cause : null
2024-03-14 12:45:29,230 [WARN] ConditionMgr:1039 - genDependencies : Invalid condition id : LAN8742 Phy interface Condition cause : null
2024-03-14 12:45:29,231 [WARN] ConditionMgr:1039 - genDependencies : Invalid condition id : LAN8742 Phy interface Condition cause : null
2024-03-14 12:45:29,246 [WARN] PackLoader:240 - Cannot read IP mode file for STMicroelectronics.X-CUBE-SFXS2LP1.4.0.0
2024-03-14 12:45:29,277 [WARN] ConditionMgr:438 - getConditionDescription Invalid condition id : UX DEVICE CLASS RTOS Condition cause : null
2024-03-14 12:45:29,277 [WARN] ConditionMgr:438 - getConditionDescription Invalid condition id : UX DEVICE CLASS RTOS Condition cause : null
2024-03-14 12:45:29,282 [WARN] PackLoader:240 - Cannot read IP mode file for STMicroelectronics.X-CUBE-AZRTOS-WB.2.0.0
2024-03-14 12:45:29,283 [WARN] ConditionMgr:1039 - genDependencies : Invalid condition id : UX DEVICE CLASS RTOS Condition cause : null
2024-03-14 12:45:29,283 [WARN] ConditionMgr:1039 - genDependencies : Invalid condition id : UX DEVICE CLASS RTOS Condition cause : null
2024-03-14 12:45:29,284 [WARN] ConditionMgr:1039 - genDependencies : Invalid condition id : UX DEVICE CLASS RTOS Condition cause : null
2024-03-14 12:45:29,285 [WARN] ConditionMgr:1039 - genDependencies : Invalid condition id : UX DEVICE CLASS RTOS Condition cause : null
2024-03-14 12:45:29,285 [WARN] ConditionMgr:1039 - genDependencies : Invalid condition id : UX DEVICE CLASS RTOS Condition cause : null
2024-03-14 12:45:29,300 [WARN] PackLoader:240 - Cannot read IP mode file for STMicroelectronics.X-CUBE-SUBG2.5.0.0
2024-03-14 12:45:29,342 [WARN] PackLoader:240 - Cannot read IP mode file for STMicroelectronics.X-CUBE-AZRTOS-G4.2.0.0
2024-03-14 12:45:29,374 [WARN] PackLoader:240 - Cannot read IP mode file for Infineon.AIROC-Wi-Fi-Bluetooth-STM32.1.5.1
2024-03-14 12:45:29,385 [WARN] PackLoader:240 - Cannot read IP mode file for STMicroelectronics.FP-SNS-MOTENVWB1.1.3.1
2024-03-14 12:45:29,395 [WARN] PackLoader:240 - Cannot read IP mode file for STMicroelectronics.X-CUBE-ISPU.2.0.0
2024-03-14 12:45:29,493 [WARN] PackLoader:240 - Cannot read IP mode file for STMicroelectronics.X-CUBE-MEMS1.10.0.0
2024-03-14 12:45:29,606 [INFO] WebApp:780 - Register for checkConnection events
2024-03-14 12:45:29,607 [INFO] WebApp:414 - Apply proxy settings
2024-03-14 12:45:29,607 [INFO] WebApp:499 - Chromium requires no authentication
2024-03-14 12:45:29,623 [INFO] WebApp:442 - Direct internet connection detected
2024-03-14 12:45:29,651 [WARN] PackLoader:240 - Cannot read IP mode file for STMicroelectronics.X-CUBE-FREERTOS.1.1.0
2024-03-14 12:45:29,659 [WARN] PackLoader:240 - Cannot read IP mode file for portGmbH.I-Cube-SoM-uGOAL.1.1.0
2024-03-14 12:45:29,667 [WARN] PackLoader:240 - Cannot read IP mode file for STMicroelectronics.X-CUBE-ALS.1.0.1
2024-03-14 12:45:29,674 [WARN] PackLoader:240 - Cannot read IP mode file for STMicroelectronics.FP-ATR-ASTRA1.2.0.0
2024-03-14 12:45:29,685 [WARN] PackLoader:240 - Cannot read IP mode file for STMicroelectronics.X-CUBE-TOF1.3.4.0
2024-03-14 12:45:29,737 [WARN] PackLoader:240 - Cannot read IP mode file for STMicroelectronics.X-CUBE-TOF1.3.4.1
2024-03-14 12:45:29,787 [WARN] PackLoader:240 - Cannot read IP mode file for STMicroelectronics.X-CUBE-AZRTOS-H7.3.2.0
2024-03-14 12:45:29,795 [INFO] ThirdParty:978 - Integrity check success = true
2024-03-14 12:45:29,795 [INFO] IntegrityCheckThread:100 - exiting critical section [integrity check]
2024-03-14 12:45:29,795 [INFO] IntegrityCheckThread:103 - End integrity checks thread
2024-03-14 12:45:30,062 [INFO] WebApp:192 - Starting web application
2024-03-14 12:45:30,063 [INFO] WebApp:544 - Web application path used C:\ST\STM32CubeIDE_1.14.0\STM32CubeIDE\plugins\com.st.stm32cube.common.mx_6.10.0.202311202037\db\plugins\mcufinder\reactClient1\index.html
2024-03-14 12:45:51,379 [ERROR] LogOutputStream:75 - [STDERR_REDIRECT] SLF4J: Failed to load class "org.slf4j.impl.StaticLoggerBinder".
2024-03-14 12:45:51,380 [ERROR] LogOutputStream:75 - [STDERR_REDIRECT] SLF4J: Defaulting to no-operation (NOP) logger implementation
2024-03-14 12:45:51,382 [ERROR] LogOutputStream:75 - [STDERR_REDIRECT] SLF4J: See http://www.slf4j.org/codes.html#StaticLoggerBinder for further details.
2024-03-14 13:58:25,052 [ERROR] LogOutputStream:75 - [STDERR_REDIRECT] 
