2024-03-15 09:58:33,217 [INFO] Activator:176 - 


2024-03-15 09:58:33,227 [INFO] Activator:177 - !SESSION log4j initialized
2024-03-15 09:58:43,386 [INFO] LogOutputStream:77 - [STDOUT_REDIRECT] 
2024-03-15 09:58:45,608 [INFO] ApplicationProperties:184 - Using Application install path: C:\ST\STM32CubeIDE_1.14.0\STM32CubeIDE\plugins\com.st.stm32cube.common.mx_6.10.0.202311202037
2024-03-15 09:58:45,657 [INFO] DbMcusXml:78 - Set database path to: C:\ST\STM32CubeIDE_1.14.0\STM32CubeIDE\plugins\com.st.stm32cube.common.mx_6.10.0.202311202037\\db\/mcu/
2024-03-15 09:58:45,658 [INFO] ApiDb:274 - Set plugin database path to: C:\ST\STM32CubeIDE_1.14.0\STM32CubeIDE\plugins\com.st.stm32cube.common.mx_6.10.0.202311202037\\db\/plugins/boardmanager/
2024-03-15 09:58:45,660 [WARN] ApiDb:259 - Overriding images path with different value:  => C:\ST\STM32CubeIDE_1.14.0\STM32CubeIDE\plugins\com.st.stm32cube.common.mx_6.10.0.202311202037\\db\/plugins/mcufinder/images/
2024-03-15 09:58:45,688 [INFO] ApiDb:250 - Set database path to: C:\Users\compumart\.stmcufinder\plugins\mcufinder//mcu/
2024-03-15 09:58:45,692 [INFO] DbMcusAds:125 - Set database path to: C:\Users\compumart\.stmcufinder\plugins\mcufinder//mcu/
2024-03-15 09:58:45,697 [INFO] CrossReferenceDbSqlite:203 - Set database path to: C:\Users\compumart\.stmcufinder\plugins\mcufinder//mcu/cs/
2024-03-15 09:58:45,890 [INFO] RulesReader:64 - Compatibility file has been processed (297 Rules)
2024-03-15 09:58:46,062 [INFO] DbMcusXml:78 - Set database path to: C:\ST\STM32CubeIDE_1.14.0\STM32CubeIDE\plugins\com.st.stm32cube.common.mx_6.10.0.202311202037\\db\/mcu/
2024-03-15 09:58:46,063 [INFO] ApiDb:274 - Set plugin database path to: C:\ST\STM32CubeIDE_1.14.0\STM32CubeIDE\plugins\com.st.stm32cube.common.mx_6.10.0.202311202037\\db\/plugins/boardmanager/
2024-03-15 09:58:46,063 [INFO] ApiDb:261 - Set plugin images path to: C:\ST\STM32CubeIDE_1.14.0\STM32CubeIDE\plugins\com.st.stm32cube.common.mx_6.10.0.202311202037\\db\/plugins/mcufinder/images/
2024-03-15 09:58:46,063 [WARN] DbFile:41 - Overriding database path with different value: C:\Users\compumart\.stmcufinder\plugins\mcufinder/ => C:\Users\compumart\.stmcufinder\plugins\mcufinder
2024-03-15 09:58:46,063 [INFO] ApiDb:250 - Set database path to: C:\Users\compumart\.stmcufinder\plugins\mcufinder//mcu/
2024-03-15 09:58:46,063 [WARN] DbFile:41 - Overriding database path with different value: C:\Users\compumart\.stmcufinder\plugins\mcufinder/ => C:\Users\compumart\.stmcufinder\plugins\mcufinder
2024-03-15 09:58:46,063 [INFO] DbMcusAds:125 - Set database path to: C:\Users\compumart\.stmcufinder\plugins\mcufinder//mcu/
2024-03-15 09:58:46,063 [WARN] DbFile:41 - Overriding database path with different value: C:\Users\compumart\.stmcufinder\plugins\mcufinder/ => C:\Users\compumart\.stmcufinder\plugins\mcufinder
2024-03-15 09:58:46,064 [WARN] DbFile:41 - Overriding database path with different value: C:\Users\compumart\.stmcufinder\plugins\mcufinder/ => C:\Users\compumart\.stmcufinder\plugins\mcufinder
2024-03-15 09:58:46,064 [INFO] CrossReferenceDbSqlite:203 - Set database path to: C:\Users\compumart\.stmcufinder\plugins\mcufinder//mcu/cs/
2024-03-15 09:58:46,185 [INFO] MainPanel:264 - HeapMemory: 268435456
2024-03-15 09:58:46,320 [INFO] DbMcusXml:78 - Set database path to: C:\ST\STM32CubeIDE_1.14.0\STM32CubeIDE\plugins\com.st.stm32cube.common.mx_6.10.0.202311202037\\db\/mcu/
2024-03-15 09:58:46,320 [INFO] ApiDb:274 - Set plugin database path to: C:\ST\STM32CubeIDE_1.14.0\STM32CubeIDE\plugins\com.st.stm32cube.common.mx_6.10.0.202311202037\\db\/plugins/boardmanager/
2024-03-15 09:58:46,320 [INFO] ApiDb:261 - Set plugin images path to: C:\ST\STM32CubeIDE_1.14.0\STM32CubeIDE\plugins\com.st.stm32cube.common.mx_6.10.0.202311202037\\db\/plugins/mcufinder/images/
2024-03-15 09:58:46,321 [WARN] DbFile:41 - Overriding database path with different value: C:\Users\compumart\.stmcufinder\plugins\mcufinder/ => C:\Users\compumart\.stmcufinder\plugins\mcufinder
2024-03-15 09:58:46,321 [INFO] ApiDb:250 - Set database path to: C:\Users\compumart\.stmcufinder\plugins\mcufinder//mcu/
2024-03-15 09:58:46,322 [WARN] DbFile:41 - Overriding database path with different value: C:\Users\compumart\.stmcufinder\plugins\mcufinder/ => C:\Users\compumart\.stmcufinder\plugins\mcufinder
2024-03-15 09:58:46,322 [INFO] DbMcusAds:125 - Set database path to: C:\Users\compumart\.stmcufinder\plugins\mcufinder//mcu/
2024-03-15 09:58:46,322 [WARN] DbFile:41 - Overriding database path with different value: C:\Users\compumart\.stmcufinder\plugins\mcufinder/ => C:\Users\compumart\.stmcufinder\plugins\mcufinder
2024-03-15 09:58:46,322 [WARN] DbFile:41 - Overriding database path with different value: C:\Users\compumart\.stmcufinder\plugins\mcufinder/ => C:\Users\compumart\.stmcufinder\plugins\mcufinder
2024-03-15 09:58:46,322 [INFO] CrossReferenceDbSqlite:203 - Set database path to: C:\Users\compumart\.stmcufinder\plugins\mcufinder//mcu/cs/
2024-03-15 09:58:46,358 [INFO] ApplicationProperties:184 - Using Application install path: C:\ST\STM32CubeIDE_1.14.0\STM32CubeIDE\plugins\com.st.stm32cube.common.mx_6.10.0.202311202037
2024-03-15 09:58:46,361 [INFO] PluginManage:196 - Search for loadable plugins [exclusion list=, ]
2024-03-15 09:58:46,364 [INFO] PluginManage:310 - Check plugin analytics
2024-03-15 09:58:46,590 [INFO] AnalyticsPlugin:253 - Accepted Software Licenses: 
2024-03-15 09:58:46,590 [INFO] AnalyticsPlugin:255 - Accepted CMSIS Pack Licenses: 
2024-03-15 09:58:46,591 [INFO] AnalyticsPlugin:257 - Accepted Firmware Licenses: 
2024-03-15 09:58:46,595 [INFO] PluginManage:359 - Loaded plugin analytics (category:tool,tabindex:-1)
2024-03-15 09:58:46,595 [INFO] PluginManage:310 - Check plugin cadmodel
2024-03-15 09:58:46,603 [INFO] CADModel:105 - Init CAD model plugin
2024-03-15 09:58:46,603 [INFO] PluginManage:359 - Loaded plugin cadmodel (category:power,tabindex:5)
2024-03-15 09:58:46,603 [INFO] PluginManage:310 - Check plugin clock
2024-03-15 09:58:46,619 [INFO] PluginManage:359 - Loaded plugin clock (category:base,tabindex:2)
2024-03-15 09:58:46,619 [INFO] PluginManage:310 - Check plugin ddr
2024-03-15 09:58:46,622 [INFO] PluginManage:359 - Loaded plugin ddr (category:tool,tabindex:6)
2024-03-15 09:58:46,622 [INFO] PluginManage:310 - Check plugin filemanager
2024-03-15 09:58:46,812 [INFO] PluginManage:359 - Loaded plugin filemanager (category:base,tabindex:10)
2024-03-15 09:58:46,812 [INFO] PluginManage:310 - Check plugin ipmanager
2024-03-15 09:58:46,823 [INFO] PluginManage:359 - Loaded plugin ipmanager (category:base,tabindex:5)
2024-03-15 09:58:46,823 [INFO] PluginManage:310 - Check plugin lpbam
2024-03-15 09:58:46,835 [INFO] PluginManage:359 - Loaded plugin lpbam (category:base,tabindex:0)
2024-03-15 09:58:46,836 [INFO] PluginManage:310 - Check plugin memorymap
2024-03-15 09:58:46,860 [INFO] PluginManage:359 - Loaded plugin memorymap (category:base,tabindex:4)
2024-03-15 09:58:46,860 [INFO] PluginManage:310 - Check plugin pinoutandconfiguration
2024-03-15 09:58:46,873 [INFO] PluginManage:359 - Loaded plugin pinoutandconfiguration (category:base,tabindex:1)
2024-03-15 09:58:46,873 [INFO] PluginManage:310 - Check plugin pinoutconfig
2024-03-15 09:58:47,025 [WARN] SupportedApi:132 - Cannot load RTOS API schema: s4s-elt-must-match.1: The content of 'definitions' must match (annotation?, (simpleType | complexType)?, (unique | key | keyref)*)). A problem was found starting at: attribute.
2024-03-15 09:58:47,233 [INFO] PluginManage:359 - Loaded plugin pinoutconfig (category:base,tabindex:0)
2024-03-15 09:58:47,233 [INFO] PluginManage:310 - Check plugin power
2024-03-15 09:58:47,253 [INFO] PluginManage:359 - Loaded plugin power (category:power,tabindex:4)
2024-03-15 09:58:47,253 [INFO] PluginManage:310 - Check plugin projectmanager
2024-03-15 09:58:47,277 [INFO] PluginManage:359 - Loaded plugin projectmanager (category:projectmanager,tabindex:3)
2024-03-15 09:58:47,278 [INFO] PluginManage:310 - Check plugin thirdparty
2024-03-15 09:58:47,495 [INFO] PluginManage:359 - Loaded plugin thirdparty (category:base,tabindex:-1)
2024-03-15 09:58:47,495 [WARN] IntegrityCheckThread:84 - waiting for thirdparty lock release [integrity check]
2024-03-15 09:58:47,495 [INFO] PluginManage:310 - Check plugin tools
2024-03-15 09:58:47,496 [INFO] IntegrityCheckThread:86 - entering critical section [integrity check]
2024-03-15 09:58:47,496 [INFO] ThirdPartyUpdaterWithRetryManager:70 - Updater plugin not ready yet. [1/15]
2024-03-15 09:58:47,500 [INFO] PluginManage:359 - Loaded plugin tools (category:base,tabindex:7)
2024-03-15 09:58:47,500 [INFO] PluginManage:310 - Check plugin tutovideos
2024-03-15 09:58:47,796 [INFO] PluginManage:359 - Loaded plugin tutovideos (category:base,tabindex:-1)
2024-03-15 09:58:47,796 [INFO] PluginManage:310 - Check plugin updater
2024-03-15 09:58:47,812 [INFO] PluginManage:359 - Loaded plugin updater (category:base,tabindex:12)
2024-03-15 09:58:47,812 [INFO] PluginManage:310 - Check plugin userauth
2024-03-15 09:58:47,824 [INFO] UserAuth:114 - Init User Auth plugin
2024-03-15 09:58:47,824 [INFO] PluginManage:359 - Loaded plugin userauth (category:base,tabindex:14)
2024-03-15 09:58:47,824 [INFO] PluginManage:283 - PluginManage : Loaded plugins [17]
2024-03-15 09:58:48,172 [INFO] PinOutPanel:1499 - setPackage(No Configuration,No Configuration)
2024-03-15 09:58:48,309 [INFO] CADModel:165 - CPN selected for project level
2024-03-15 09:58:48,309 [INFO] CADModel:114 - Register for checkConnection events
2024-03-15 09:58:48,332 [INFO] IPUIPlugin:80 - create IPUIPlugin
2024-03-15 09:58:48,333 [INFO] PluginManager:220 - loadIPPluginJar : add adc
2024-03-15 09:58:48,335 [INFO] IPUIPlugin:80 - create IPUIPlugin
2024-03-15 09:58:48,336 [INFO] PluginManager:220 - loadIPPluginJar : add aes
2024-03-15 09:58:48,339 [INFO] IPUIPlugin:80 - create IPUIPlugin
2024-03-15 09:58:48,339 [INFO] PluginManager:220 - loadIPPluginJar : add can
2024-03-15 09:58:48,342 [INFO] IPUIPlugin:80 - create IPUIPlugin
2024-03-15 09:58:48,342 [INFO] PluginManager:220 - loadIPPluginJar : add comp
2024-03-15 09:58:48,346 [INFO] IPUIPlugin:80 - create IPUIPlugin
2024-03-15 09:58:48,346 [INFO] PluginManager:220 - loadIPPluginJar : add cryp
2024-03-15 09:58:48,349 [INFO] IPUIPlugin:80 - create IPUIPlugin
2024-03-15 09:58:48,349 [INFO] PluginManager:220 - loadIPPluginJar : add dfsdm
2024-03-15 09:58:48,356 [INFO] IPUIPlugin:80 - create IPUIPlugin
2024-03-15 09:58:48,357 [INFO] PluginManager:220 - loadIPPluginJar : add dma
2024-03-15 09:58:48,360 [INFO] IPUIPlugin:80 - create IPUIPlugin
2024-03-15 09:58:48,360 [INFO] PluginManager:220 - loadIPPluginJar : add dma3
2024-03-15 09:58:48,362 [INFO] IPUIPlugin:80 - create IPUIPlugin
2024-03-15 09:58:48,363 [INFO] PluginManager:220 - loadIPPluginJar : add fatfs
2024-03-15 09:58:48,368 [INFO] IPUIPlugin:80 - create IPUIPlugin
2024-03-15 09:58:48,368 [INFO] PluginManager:220 - loadIPPluginJar : add fmc
2024-03-15 09:58:48,376 [INFO] IPUIPlugin:80 - create IPUIPlugin
2024-03-15 09:58:48,376 [INFO] PluginManager:220 - loadIPPluginJar : add freertos
2024-03-15 09:58:48,379 [INFO] IPUIPlugin:80 - create IPUIPlugin
2024-03-15 09:58:48,379 [INFO] PluginManager:220 - loadIPPluginJar : add genericplugin
2024-03-15 09:58:48,382 [INFO] IPUIPlugin:80 - create IPUIPlugin
2024-03-15 09:58:48,382 [INFO] PluginManager:220 - loadIPPluginJar : add gfxmmu
2024-03-15 09:58:48,388 [INFO] IPUIPlugin:80 - create IPUIPlugin
2024-03-15 09:58:48,388 [INFO] PluginManager:220 - loadIPPluginJar : add gic
2024-03-15 09:58:48,394 [INFO] IPUIPlugin:80 - create IPUIPlugin
2024-03-15 09:58:48,395 [INFO] PluginManager:220 - loadIPPluginJar : add gpio
2024-03-15 09:58:48,399 [INFO] IPUIPlugin:80 - create IPUIPlugin
2024-03-15 09:58:48,400 [INFO] PluginManager:220 - loadIPPluginJar : add gtzc
2024-03-15 09:58:48,405 [INFO] IPUIPlugin:80 - create IPUIPlugin
2024-03-15 09:58:48,405 [INFO] PluginManager:220 - loadIPPluginJar : add hash
2024-03-15 09:58:48,411 [INFO] IPUIPlugin:80 - create IPUIPlugin
2024-03-15 09:58:48,412 [INFO] PluginManager:220 - loadIPPluginJar : add i2c
2024-03-15 09:58:48,417 [INFO] IPUIPlugin:80 - create IPUIPlugin
2024-03-15 09:58:48,417 [INFO] PluginManager:220 - loadIPPluginJar : add i2s
2024-03-15 09:58:48,421 [INFO] IPUIPlugin:80 - create IPUIPlugin
2024-03-15 09:58:48,421 [INFO] PluginManager:220 - loadIPPluginJar : add i3c
2024-03-15 09:58:48,427 [INFO] IPUIPlugin:80 - create IPUIPlugin
2024-03-15 09:58:48,428 [INFO] PluginManager:220 - loadIPPluginJar : add ipddr
2024-03-15 09:58:48,440 [INFO] IPUIPlugin:80 - create IPUIPlugin
2024-03-15 09:58:48,440 [INFO] PluginManager:220 - loadIPPluginJar : add linkedlist
2024-03-15 09:58:48,445 [INFO] IPUIPlugin:80 - create IPUIPlugin
2024-03-15 09:58:48,445 [INFO] PluginManager:220 - loadIPPluginJar : add lorawan
2024-03-15 09:58:48,448 [INFO] IPUIPlugin:80 - create IPUIPlugin
2024-03-15 09:58:48,449 [INFO] PluginManager:220 - loadIPPluginJar : add ltdc
2024-03-15 09:58:48,463 [INFO] IPUIPlugin:80 - create IPUIPlugin
2024-03-15 09:58:48,463 [INFO] PluginManager:220 - loadIPPluginJar : add mdma
2024-03-15 09:58:48,472 [INFO] IPUIPlugin:80 - create IPUIPlugin
2024-03-15 09:58:48,472 [INFO] PluginManager:220 - loadIPPluginJar : add nvic
2024-03-15 09:58:48,478 [INFO] IPUIPlugin:80 - create IPUIPlugin
2024-03-15 09:58:48,479 [INFO] PluginManager:220 - loadIPPluginJar : add opamp
2024-03-15 09:58:48,486 [INFO] IPUIPlugin:80 - create IPUIPlugin
2024-03-15 09:58:48,486 [INFO] PluginManager:220 - loadIPPluginJar : add openamp
2024-03-15 09:58:48,492 [INFO] IPUIPlugin:80 - create IPUIPlugin
2024-03-15 09:58:48,492 [INFO] PluginManager:220 - loadIPPluginJar : add pdm2pcm
2024-03-15 09:58:48,506 [INFO] IPUIPlugin:80 - create IPUIPlugin
2024-03-15 09:58:48,513 [INFO] PluginManager:220 - loadIPPluginJar : add plateformsettings
2024-03-15 09:58:48,518 [INFO] IPUIPlugin:80 - create IPUIPlugin
2024-03-15 09:58:48,518 [INFO] PluginManager:220 - loadIPPluginJar : add quadspi
2024-03-15 09:58:48,525 [INFO] IPUIPlugin:80 - create IPUIPlugin
2024-03-15 09:58:48,525 [INFO] PluginManager:220 - loadIPPluginJar : add resmgrutility
2024-03-15 09:58:48,531 [INFO] IPUIPlugin:80 - create IPUIPlugin
2024-03-15 09:58:48,531 [INFO] PluginManager:220 - loadIPPluginJar : add sai
2024-03-15 09:58:48,536 [INFO] IPUIPlugin:80 - create IPUIPlugin
2024-03-15 09:58:48,536 [INFO] PluginManager:220 - loadIPPluginJar : add spi
2024-03-15 09:58:48,543 [INFO] IPUIPlugin:80 - create IPUIPlugin
2024-03-15 09:58:48,543 [INFO] PluginManager:220 - loadIPPluginJar : add stm32_wpan
2024-03-15 09:58:48,546 [INFO] IPUIPlugin:80 - create IPUIPlugin
2024-03-15 09:58:48,546 [INFO] PluginManager:220 - loadIPPluginJar : add tim
2024-03-15 09:58:48,552 [INFO] IPUIPlugin:80 - create IPUIPlugin
2024-03-15 09:58:48,553 [INFO] PluginManager:220 - loadIPPluginJar : add touchsensing
2024-03-15 09:58:48,557 [INFO] IPUIPlugin:80 - create IPUIPlugin
2024-03-15 09:58:48,557 [INFO] PluginManager:220 - loadIPPluginJar : add tracer_emb
2024-03-15 09:58:48,561 [INFO] IPUIPlugin:80 - create IPUIPlugin
2024-03-15 09:58:48,561 [INFO] PluginManager:220 - loadIPPluginJar : add ts
2024-03-15 09:58:48,565 [INFO] IPUIPlugin:80 - create IPUIPlugin
2024-03-15 09:58:48,565 [INFO] PluginManager:220 - loadIPPluginJar : add tsc
2024-03-15 09:58:48,569 [INFO] IPUIPlugin:80 - create IPUIPlugin
2024-03-15 09:58:48,570 [INFO] PluginManager:220 - loadIPPluginJar : add ucpd
2024-03-15 09:58:48,574 [INFO] IPUIPlugin:80 - create IPUIPlugin
2024-03-15 09:58:48,574 [INFO] PluginManager:220 - loadIPPluginJar : add usart
2024-03-15 09:58:48,582 [INFO] IPUIPlugin:80 - create IPUIPlugin
2024-03-15 09:58:48,582 [INFO] PluginManager:220 - loadIPPluginJar : add usbx
2024-03-15 09:58:48,751 [INFO] CADModel:165 - CPN selected for project level
2024-03-15 09:58:48,751 [INFO] CADModel:114 - Register for checkConnection events
2024-03-15 09:58:48,751 [FATAL] Updater:308 - Updater called before beeing initialized
2024-03-15 09:58:48,751 [ERROR] CADModel:125 - Updater not yet initialized, retry later 
2024-03-15 09:58:48,948 [INFO] CADModel:165 - CPN selected for project level
2024-03-15 09:58:48,948 [INFO] CADModel:114 - Register for checkConnection events
2024-03-15 09:58:48,948 [FATAL] Updater:308 - Updater called before beeing initialized
2024-03-15 09:58:48,948 [ERROR] CADModel:125 - Updater not yet initialized, retry later 
2024-03-15 09:58:48,952 [FATAL] Updater:308 - Updater called before beeing initialized
2024-03-15 09:58:49,289 [FATAL] Updater:308 - Updater called before beeing initialized
2024-03-15 09:58:49,295 [INFO] DbMcusAds:53 - JSON generation date=Wed Nov 29 12:52:27 EET 2023 (1701255147349)
2024-03-15 09:58:49,296 [FATAL] Updater:308 - Updater called before beeing initialized
2024-03-15 09:58:49,380 [WARN] DetailPanel:346 - Failed to get advertising image, set to default
2024-03-15 09:58:49,561 [FATAL] Updater:308 - Updater called before beeing initialized
2024-03-15 09:58:49,565 [FATAL] Updater:308 - Updater called before beeing initialized
2024-03-15 09:58:49,565 [FATAL] Updater:308 - Updater called before beeing initialized
2024-03-15 09:58:49,565 [WARN] DetailPanel:346 - Failed to get advertising image, set to default
2024-03-15 09:58:49,566 [FATAL] Updater:308 - Updater called before beeing initialized
2024-03-15 09:58:50,320 [ERROR] Updater:1120 - MainUpdater not yet initialized. External WinMGr cannot be set.
2024-03-15 09:58:50,491 [INFO] Updater:1056 - Updater Version found : 6.10.0
2024-03-15 09:58:50,497 [INFO] ThirdPartyUpdaterWithRetryManager:70 - Updater plugin not ready yet. [2/15]
2024-03-15 09:58:51,340 [INFO] ApplicationProperties:184 - Using Application install path: C:\ST\STM32CubeIDE_1.14.0\STM32CubeIDE\plugins\com.st.stm32cube.common.mx_6.10.0.202311202037
2024-03-15 09:58:53,474 [ERROR] LogOutputStream:75 - [STDERR_REDIRECT] Mar 15, 2024 9:58:53 AM java.util.prefs.WindowsPreferences <init>
2024-03-15 09:58:53,480 [ERROR] LogOutputStream:75 - [STDERR_REDIRECT] WARNING: Could not open/create prefs root node Software\JavaSoft\Prefs at root 0xffffffff80000002. Windows RegCreateKeyEx(...) returned error code 5.
2024-03-15 09:58:53,482 [ERROR] LogOutputStream:75 - [STDERR_REDIRECT] 
2024-03-15 09:58:53,498 [FATAL] Updater:308 - Updater called before beeing initialized
2024-03-15 09:58:53,498 [ERROR] IntegrityCheckThread:130 - Cannot retrieve database content from updater: error 21
2024-03-15 09:58:53,499 [INFO] ThirdParty:978 - Integrity check success = false
2024-03-15 09:58:53,499 [INFO] IntegrityCheckThread:100 - exiting critical section [integrity check]
2024-03-15 09:58:53,499 [INFO] IntegrityCheckThread:103 - End integrity checks thread
2024-03-15 09:58:55,041 [INFO] MainUpdater:2873 - connection check result : 10
2024-03-15 09:58:55,045 [INFO] MainUpdater:290 - Updater Check For Update Now.
2024-03-15 09:58:55,046 [INFO] MicroXplorer:498 - Change Database Version : DB.6.0.100
2024-03-15 09:58:55,093 [INFO] McuFinderGlobals:63 - Set McuFinder mode to 2 (CubeIDE integrated)
2024-03-15 09:58:55,093 [INFO] UserAuth:180 - activating auth plugin
2024-03-15 09:58:55,103 [INFO] UserAuth:404 - Internet connection configuration mode: 1
2024-03-15 09:58:55,203 [INFO] JxBrowserEngine:152 - Initiate JxBrowser Engine with user profile folder
2024-03-15 09:58:55,759 [INFO] CheckServerUpdateThread:120 - End of CheckServer Thread
2024-03-15 09:59:02,367 [INFO] WebApp:161 - Instantiating new browser for Auth
2024-03-15 09:59:04,777 [INFO] WebApp:780 - Register for checkConnection events
2024-03-15 09:59:04,777 [INFO] WebApp:414 - Apply proxy settings
2024-03-15 09:59:04,778 [INFO] WebApp:499 - Chromium requires no authentication
2024-03-15 09:59:04,791 [INFO] WebApp:442 - Direct internet connection detected
2024-03-15 09:59:05,426 [INFO] WebApp:192 - Starting web application
2024-03-15 09:59:05,426 [INFO] WebApp:544 - Web application path used C:\ST\STM32CubeIDE_1.14.0\STM32CubeIDE\plugins\com.st.stm32cube.common.mx_6.10.0.202311202037\db\plugins\mcufinder\reactClient1\index.html
2024-03-15 09:59:27,137 [ERROR] LogOutputStream:75 - [STDERR_REDIRECT] SLF4J: Failed to load class "org.slf4j.impl.StaticLoggerBinder".
2024-03-15 09:59:27,157 [ERROR] LogOutputStream:75 - [STDERR_REDIRECT] SLF4J: Defaulting to no-operation (NOP) logger implementation
2024-03-15 09:59:27,167 [ERROR] LogOutputStream:75 - [STDERR_REDIRECT] SLF4J: See http://www.slf4j.org/codes.html#StaticLoggerBinder for further details.
2024-03-15 13:34:21,556 [ERROR] LogOutputStream:75 - [STDERR_REDIRECT] 
2024-03-15 14:05:06,168 [INFO] Activator:176 - 


2024-03-15 14:05:06,171 [INFO] Activator:177 - !SESSION log4j initialized
2024-03-15 14:05:15,980 [INFO] LogOutputStream:77 - [STDOUT_REDIRECT] 
2024-03-15 14:05:17,592 [INFO] ApplicationProperties:184 - Using Application install path: C:\ST\STM32CubeIDE_1.14.0\STM32CubeIDE\plugins\com.st.stm32cube.common.mx_6.10.0.202311202037
2024-03-15 14:05:17,623 [INFO] DbMcusXml:78 - Set database path to: C:\ST\STM32CubeIDE_1.14.0\STM32CubeIDE\plugins\com.st.stm32cube.common.mx_6.10.0.202311202037\\db\/mcu/
2024-03-15 14:05:17,623 [INFO] ApiDb:274 - Set plugin database path to: C:\ST\STM32CubeIDE_1.14.0\STM32CubeIDE\plugins\com.st.stm32cube.common.mx_6.10.0.202311202037\\db\/plugins/boardmanager/
2024-03-15 14:05:17,623 [WARN] ApiDb:259 - Overriding images path with different value:  => C:\ST\STM32CubeIDE_1.14.0\STM32CubeIDE\plugins\com.st.stm32cube.common.mx_6.10.0.202311202037\\db\/plugins/mcufinder/images/
2024-03-15 14:05:17,645 [INFO] ApiDb:250 - Set database path to: C:\Users\compumart\.stmcufinder\plugins\mcufinder//mcu/
2024-03-15 14:05:17,647 [INFO] DbMcusAds:125 - Set database path to: C:\Users\compumart\.stmcufinder\plugins\mcufinder//mcu/
2024-03-15 14:05:17,650 [INFO] CrossReferenceDbSqlite:203 - Set database path to: C:\Users\compumart\.stmcufinder\plugins\mcufinder//mcu/cs/
2024-03-15 14:05:17,868 [INFO] RulesReader:64 - Compatibility file has been processed (297 Rules)
2024-03-15 14:05:18,019 [INFO] DbMcusXml:78 - Set database path to: C:\ST\STM32CubeIDE_1.14.0\STM32CubeIDE\plugins\com.st.stm32cube.common.mx_6.10.0.202311202037\\db\/mcu/
2024-03-15 14:05:18,019 [INFO] ApiDb:274 - Set plugin database path to: C:\ST\STM32CubeIDE_1.14.0\STM32CubeIDE\plugins\com.st.stm32cube.common.mx_6.10.0.202311202037\\db\/plugins/boardmanager/
2024-03-15 14:05:18,019 [INFO] ApiDb:261 - Set plugin images path to: C:\ST\STM32CubeIDE_1.14.0\STM32CubeIDE\plugins\com.st.stm32cube.common.mx_6.10.0.202311202037\\db\/plugins/mcufinder/images/
2024-03-15 14:05:18,019 [WARN] DbFile:41 - Overriding database path with different value: C:\Users\compumart\.stmcufinder\plugins\mcufinder/ => C:\Users\compumart\.stmcufinder\plugins\mcufinder
2024-03-15 14:05:18,019 [INFO] ApiDb:250 - Set database path to: C:\Users\compumart\.stmcufinder\plugins\mcufinder//mcu/
2024-03-15 14:05:18,019 [WARN] DbFile:41 - Overriding database path with different value: C:\Users\compumart\.stmcufinder\plugins\mcufinder/ => C:\Users\compumart\.stmcufinder\plugins\mcufinder
2024-03-15 14:05:18,019 [INFO] DbMcusAds:125 - Set database path to: C:\Users\compumart\.stmcufinder\plugins\mcufinder//mcu/
2024-03-15 14:05:18,019 [WARN] DbFile:41 - Overriding database path with different value: C:\Users\compumart\.stmcufinder\plugins\mcufinder/ => C:\Users\compumart\.stmcufinder\plugins\mcufinder
2024-03-15 14:05:18,019 [WARN] DbFile:41 - Overriding database path with different value: C:\Users\compumart\.stmcufinder\plugins\mcufinder/ => C:\Users\compumart\.stmcufinder\plugins\mcufinder
2024-03-15 14:05:18,019 [INFO] CrossReferenceDbSqlite:203 - Set database path to: C:\Users\compumart\.stmcufinder\plugins\mcufinder//mcu/cs/
2024-03-15 14:05:18,129 [INFO] MainPanel:264 - HeapMemory: 268435456
2024-03-15 14:05:18,268 [INFO] DbMcusXml:78 - Set database path to: C:\ST\STM32CubeIDE_1.14.0\STM32CubeIDE\plugins\com.st.stm32cube.common.mx_6.10.0.202311202037\\db\/mcu/
2024-03-15 14:05:18,268 [INFO] ApiDb:274 - Set plugin database path to: C:\ST\STM32CubeIDE_1.14.0\STM32CubeIDE\plugins\com.st.stm32cube.common.mx_6.10.0.202311202037\\db\/plugins/boardmanager/
2024-03-15 14:05:18,268 [INFO] ApiDb:261 - Set plugin images path to: C:\ST\STM32CubeIDE_1.14.0\STM32CubeIDE\plugins\com.st.stm32cube.common.mx_6.10.0.202311202037\\db\/plugins/mcufinder/images/
2024-03-15 14:05:18,268 [WARN] DbFile:41 - Overriding database path with different value: C:\Users\compumart\.stmcufinder\plugins\mcufinder/ => C:\Users\compumart\.stmcufinder\plugins\mcufinder
2024-03-15 14:05:18,268 [INFO] ApiDb:250 - Set database path to: C:\Users\compumart\.stmcufinder\plugins\mcufinder//mcu/
2024-03-15 14:05:18,268 [WARN] DbFile:41 - Overriding database path with different value: C:\Users\compumart\.stmcufinder\plugins\mcufinder/ => C:\Users\compumart\.stmcufinder\plugins\mcufinder
2024-03-15 14:05:18,268 [INFO] DbMcusAds:125 - Set database path to: C:\Users\compumart\.stmcufinder\plugins\mcufinder//mcu/
2024-03-15 14:05:18,268 [WARN] DbFile:41 - Overriding database path with different value: C:\Users\compumart\.stmcufinder\plugins\mcufinder/ => C:\Users\compumart\.stmcufinder\plugins\mcufinder
2024-03-15 14:05:18,268 [WARN] DbFile:41 - Overriding database path with different value: C:\Users\compumart\.stmcufinder\plugins\mcufinder/ => C:\Users\compumart\.stmcufinder\plugins\mcufinder
2024-03-15 14:05:18,268 [INFO] CrossReferenceDbSqlite:203 - Set database path to: C:\Users\compumart\.stmcufinder\plugins\mcufinder//mcu/cs/
2024-03-15 14:05:18,294 [INFO] ApplicationProperties:184 - Using Application install path: C:\ST\STM32CubeIDE_1.14.0\STM32CubeIDE\plugins\com.st.stm32cube.common.mx_6.10.0.202311202037
2024-03-15 14:05:18,294 [INFO] PluginManage:196 - Search for loadable plugins [exclusion list=, ]
2024-03-15 14:05:18,302 [INFO] PluginManage:310 - Check plugin analytics
2024-03-15 14:05:18,558 [INFO] AnalyticsPlugin:253 - Accepted Software Licenses: 
2024-03-15 14:05:18,558 [INFO] AnalyticsPlugin:255 - Accepted CMSIS Pack Licenses: 
2024-03-15 14:05:18,558 [INFO] AnalyticsPlugin:257 - Accepted Firmware Licenses: 
2024-03-15 14:05:18,564 [INFO] PluginManage:359 - Loaded plugin analytics (category:tool,tabindex:-1)
2024-03-15 14:05:18,564 [INFO] PluginManage:310 - Check plugin cadmodel
2024-03-15 14:05:18,568 [INFO] CADModel:105 - Init CAD model plugin
2024-03-15 14:05:18,568 [INFO] PluginManage:359 - Loaded plugin cadmodel (category:power,tabindex:5)
2024-03-15 14:05:18,568 [INFO] PluginManage:310 - Check plugin clock
2024-03-15 14:05:18,598 [INFO] PluginManage:359 - Loaded plugin clock (category:base,tabindex:2)
2024-03-15 14:05:18,599 [INFO] PluginManage:310 - Check plugin ddr
2024-03-15 14:05:18,603 [INFO] PluginManage:359 - Loaded plugin ddr (category:tool,tabindex:6)
2024-03-15 14:05:18,603 [INFO] PluginManage:310 - Check plugin filemanager
2024-03-15 14:05:18,823 [INFO] PluginManage:359 - Loaded plugin filemanager (category:base,tabindex:10)
2024-03-15 14:05:18,823 [INFO] PluginManage:310 - Check plugin ipmanager
2024-03-15 14:05:18,836 [INFO] PluginManage:359 - Loaded plugin ipmanager (category:base,tabindex:5)
2024-03-15 14:05:18,837 [INFO] PluginManage:310 - Check plugin lpbam
2024-03-15 14:05:18,852 [INFO] PluginManage:359 - Loaded plugin lpbam (category:base,tabindex:0)
2024-03-15 14:05:18,852 [INFO] PluginManage:310 - Check plugin memorymap
2024-03-15 14:05:18,879 [INFO] PluginManage:359 - Loaded plugin memorymap (category:base,tabindex:4)
2024-03-15 14:05:18,879 [INFO] PluginManage:310 - Check plugin pinoutandconfiguration
2024-03-15 14:05:18,889 [INFO] PluginManage:359 - Loaded plugin pinoutandconfiguration (category:base,tabindex:1)
2024-03-15 14:05:18,889 [INFO] PluginManage:310 - Check plugin pinoutconfig
2024-03-15 14:05:19,029 [WARN] SupportedApi:132 - Cannot load RTOS API schema: s4s-elt-must-match.1: The content of 'definitions' must match (annotation?, (simpleType | complexType)?, (unique | key | keyref)*)). A problem was found starting at: attribute.
2024-03-15 14:05:19,221 [INFO] PluginManage:359 - Loaded plugin pinoutconfig (category:base,tabindex:0)
2024-03-15 14:05:19,221 [INFO] PluginManage:310 - Check plugin power
2024-03-15 14:05:19,241 [INFO] PluginManage:359 - Loaded plugin power (category:power,tabindex:4)
2024-03-15 14:05:19,241 [INFO] PluginManage:310 - Check plugin projectmanager
2024-03-15 14:05:19,271 [INFO] PluginManage:359 - Loaded plugin projectmanager (category:projectmanager,tabindex:3)
2024-03-15 14:05:19,271 [INFO] PluginManage:310 - Check plugin thirdparty
2024-03-15 14:05:19,465 [INFO] PluginManage:359 - Loaded plugin thirdparty (category:base,tabindex:-1)
2024-03-15 14:05:19,465 [WARN] IntegrityCheckThread:84 - waiting for thirdparty lock release [integrity check]
2024-03-15 14:05:19,465 [INFO] IntegrityCheckThread:86 - entering critical section [integrity check]
2024-03-15 14:05:19,465 [INFO] PluginManage:310 - Check plugin tools
2024-03-15 14:05:19,465 [INFO] ThirdPartyUpdaterWithRetryManager:70 - Updater plugin not ready yet. [1/15]
2024-03-15 14:05:19,465 [INFO] PluginManage:359 - Loaded plugin tools (category:base,tabindex:7)
2024-03-15 14:05:19,471 [INFO] PluginManage:310 - Check plugin tutovideos
2024-03-15 14:05:19,702 [INFO] PluginManage:359 - Loaded plugin tutovideos (category:base,tabindex:-1)
2024-03-15 14:05:19,702 [INFO] PluginManage:310 - Check plugin updater
2024-03-15 14:05:19,712 [INFO] PluginManage:359 - Loaded plugin updater (category:base,tabindex:12)
2024-03-15 14:05:19,722 [INFO] PluginManage:310 - Check plugin userauth
2024-03-15 14:05:19,722 [INFO] UserAuth:114 - Init User Auth plugin
2024-03-15 14:05:19,722 [INFO] PluginManage:359 - Loaded plugin userauth (category:base,tabindex:14)
2024-03-15 14:05:19,722 [INFO] PluginManage:283 - PluginManage : Loaded plugins [17]
2024-03-15 14:05:20,039 [INFO] PinOutPanel:1499 - setPackage(No Configuration,No Configuration)
2024-03-15 14:05:20,148 [INFO] CADModel:165 - CPN selected for project level
2024-03-15 14:05:20,148 [INFO] CADModel:114 - Register for checkConnection events
2024-03-15 14:05:20,168 [INFO] IPUIPlugin:80 - create IPUIPlugin
2024-03-15 14:05:20,168 [INFO] PluginManager:220 - loadIPPluginJar : add adc
2024-03-15 14:05:20,168 [INFO] IPUIPlugin:80 - create IPUIPlugin
2024-03-15 14:05:20,168 [INFO] PluginManager:220 - loadIPPluginJar : add aes
2024-03-15 14:05:20,179 [INFO] IPUIPlugin:80 - create IPUIPlugin
2024-03-15 14:05:20,179 [INFO] PluginManager:220 - loadIPPluginJar : add can
2024-03-15 14:05:20,179 [INFO] IPUIPlugin:80 - create IPUIPlugin
2024-03-15 14:05:20,179 [INFO] PluginManager:220 - loadIPPluginJar : add comp
2024-03-15 14:05:20,179 [INFO] IPUIPlugin:80 - create IPUIPlugin
2024-03-15 14:05:20,179 [INFO] PluginManager:220 - loadIPPluginJar : add cryp
2024-03-15 14:05:20,179 [INFO] IPUIPlugin:80 - create IPUIPlugin
2024-03-15 14:05:20,179 [INFO] PluginManager:220 - loadIPPluginJar : add dfsdm
2024-03-15 14:05:20,188 [INFO] IPUIPlugin:80 - create IPUIPlugin
2024-03-15 14:05:20,188 [INFO] PluginManager:220 - loadIPPluginJar : add dma
2024-03-15 14:05:20,199 [INFO] IPUIPlugin:80 - create IPUIPlugin
2024-03-15 14:05:20,199 [INFO] PluginManager:220 - loadIPPluginJar : add dma3
2024-03-15 14:05:20,199 [INFO] IPUIPlugin:80 - create IPUIPlugin
2024-03-15 14:05:20,199 [INFO] PluginManager:220 - loadIPPluginJar : add fatfs
2024-03-15 14:05:20,199 [INFO] IPUIPlugin:80 - create IPUIPlugin
2024-03-15 14:05:20,199 [INFO] PluginManager:220 - loadIPPluginJar : add fmc
2024-03-15 14:05:20,209 [INFO] IPUIPlugin:80 - create IPUIPlugin
2024-03-15 14:05:20,209 [INFO] PluginManager:220 - loadIPPluginJar : add freertos
2024-03-15 14:05:20,209 [INFO] IPUIPlugin:80 - create IPUIPlugin
2024-03-15 14:05:20,209 [INFO] PluginManager:220 - loadIPPluginJar : add genericplugin
2024-03-15 14:05:20,219 [INFO] IPUIPlugin:80 - create IPUIPlugin
2024-03-15 14:05:20,219 [INFO] PluginManager:220 - loadIPPluginJar : add gfxmmu
2024-03-15 14:05:20,219 [INFO] IPUIPlugin:80 - create IPUIPlugin
2024-03-15 14:05:20,219 [INFO] PluginManager:220 - loadIPPluginJar : add gic
2024-03-15 14:05:20,229 [INFO] IPUIPlugin:80 - create IPUIPlugin
2024-03-15 14:05:20,229 [INFO] PluginManager:220 - loadIPPluginJar : add gpio
2024-03-15 14:05:20,229 [INFO] IPUIPlugin:80 - create IPUIPlugin
2024-03-15 14:05:20,229 [INFO] PluginManager:220 - loadIPPluginJar : add gtzc
2024-03-15 14:05:20,229 [INFO] IPUIPlugin:80 - create IPUIPlugin
2024-03-15 14:05:20,229 [INFO] PluginManager:220 - loadIPPluginJar : add hash
2024-03-15 14:05:20,239 [INFO] IPUIPlugin:80 - create IPUIPlugin
2024-03-15 14:05:20,239 [INFO] PluginManager:220 - loadIPPluginJar : add i2c
2024-03-15 14:05:20,239 [INFO] IPUIPlugin:80 - create IPUIPlugin
2024-03-15 14:05:20,239 [INFO] PluginManager:220 - loadIPPluginJar : add i2s
2024-03-15 14:05:20,239 [INFO] IPUIPlugin:80 - create IPUIPlugin
2024-03-15 14:05:20,239 [INFO] PluginManager:220 - loadIPPluginJar : add i3c
2024-03-15 14:05:20,249 [INFO] IPUIPlugin:80 - create IPUIPlugin
2024-03-15 14:05:20,249 [INFO] PluginManager:220 - loadIPPluginJar : add ipddr
2024-03-15 14:05:20,259 [INFO] IPUIPlugin:80 - create IPUIPlugin
2024-03-15 14:05:20,259 [INFO] PluginManager:220 - loadIPPluginJar : add linkedlist
2024-03-15 14:05:20,265 [INFO] IPUIPlugin:80 - create IPUIPlugin
2024-03-15 14:05:20,265 [INFO] PluginManager:220 - loadIPPluginJar : add lorawan
2024-03-15 14:05:20,265 [INFO] IPUIPlugin:80 - create IPUIPlugin
2024-03-15 14:05:20,265 [INFO] PluginManager:220 - loadIPPluginJar : add ltdc
2024-03-15 14:05:20,269 [INFO] IPUIPlugin:80 - create IPUIPlugin
2024-03-15 14:05:20,269 [INFO] PluginManager:220 - loadIPPluginJar : add mdma
2024-03-15 14:05:20,279 [INFO] IPUIPlugin:80 - create IPUIPlugin
2024-03-15 14:05:20,279 [INFO] PluginManager:220 - loadIPPluginJar : add nvic
2024-03-15 14:05:20,279 [INFO] IPUIPlugin:80 - create IPUIPlugin
2024-03-15 14:05:20,279 [INFO] PluginManager:220 - loadIPPluginJar : add opamp
2024-03-15 14:05:20,279 [INFO] IPUIPlugin:80 - create IPUIPlugin
2024-03-15 14:05:20,289 [INFO] PluginManager:220 - loadIPPluginJar : add openamp
2024-03-15 14:05:20,289 [INFO] IPUIPlugin:80 - create IPUIPlugin
2024-03-15 14:05:20,289 [INFO] PluginManager:220 - loadIPPluginJar : add pdm2pcm
2024-03-15 14:05:20,299 [INFO] IPUIPlugin:80 - create IPUIPlugin
2024-03-15 14:05:20,304 [INFO] PluginManager:220 - loadIPPluginJar : add plateformsettings
2024-03-15 14:05:20,308 [INFO] IPUIPlugin:80 - create IPUIPlugin
2024-03-15 14:05:20,308 [INFO] PluginManager:220 - loadIPPluginJar : add quadspi
2024-03-15 14:05:20,308 [INFO] IPUIPlugin:80 - create IPUIPlugin
2024-03-15 14:05:20,308 [INFO] PluginManager:220 - loadIPPluginJar : add resmgrutility
2024-03-15 14:05:20,318 [INFO] IPUIPlugin:80 - create IPUIPlugin
2024-03-15 14:05:20,318 [INFO] PluginManager:220 - loadIPPluginJar : add sai
2024-03-15 14:05:20,321 [INFO] IPUIPlugin:80 - create IPUIPlugin
2024-03-15 14:05:20,321 [INFO] PluginManager:220 - loadIPPluginJar : add spi
2024-03-15 14:05:20,328 [INFO] IPUIPlugin:80 - create IPUIPlugin
2024-03-15 14:05:20,328 [INFO] PluginManager:220 - loadIPPluginJar : add stm32_wpan
2024-03-15 14:05:20,331 [INFO] IPUIPlugin:80 - create IPUIPlugin
2024-03-15 14:05:20,331 [INFO] PluginManager:220 - loadIPPluginJar : add tim
2024-03-15 14:05:20,337 [INFO] IPUIPlugin:80 - create IPUIPlugin
2024-03-15 14:05:20,337 [INFO] PluginManager:220 - loadIPPluginJar : add touchsensing
2024-03-15 14:05:20,340 [INFO] IPUIPlugin:80 - create IPUIPlugin
2024-03-15 14:05:20,340 [INFO] PluginManager:220 - loadIPPluginJar : add tracer_emb
2024-03-15 14:05:20,343 [INFO] IPUIPlugin:80 - create IPUIPlugin
2024-03-15 14:05:20,343 [INFO] PluginManager:220 - loadIPPluginJar : add ts
2024-03-15 14:05:20,345 [INFO] IPUIPlugin:80 - create IPUIPlugin
2024-03-15 14:05:20,346 [INFO] PluginManager:220 - loadIPPluginJar : add tsc
2024-03-15 14:05:20,348 [INFO] IPUIPlugin:80 - create IPUIPlugin
2024-03-15 14:05:20,349 [INFO] PluginManager:220 - loadIPPluginJar : add ucpd
2024-03-15 14:05:20,351 [INFO] IPUIPlugin:80 - create IPUIPlugin
2024-03-15 14:05:20,351 [INFO] PluginManager:220 - loadIPPluginJar : add usart
2024-03-15 14:05:20,351 [INFO] IPUIPlugin:80 - create IPUIPlugin
2024-03-15 14:05:20,351 [INFO] PluginManager:220 - loadIPPluginJar : add usbx
2024-03-15 14:05:20,521 [INFO] CADModel:165 - CPN selected for project level
2024-03-15 14:05:20,521 [INFO] CADModel:114 - Register for checkConnection events
2024-03-15 14:05:20,521 [FATAL] Updater:308 - Updater called before beeing initialized
2024-03-15 14:05:20,521 [ERROR] CADModel:125 - Updater not yet initialized, retry later 
2024-03-15 14:05:20,711 [INFO] CADModel:165 - CPN selected for project level
2024-03-15 14:05:20,711 [INFO] CADModel:114 - Register for checkConnection events
2024-03-15 14:05:20,711 [FATAL] Updater:308 - Updater called before beeing initialized
2024-03-15 14:05:20,711 [ERROR] CADModel:125 - Updater not yet initialized, retry later 
2024-03-15 14:05:20,721 [FATAL] Updater:308 - Updater called before beeing initialized
2024-03-15 14:05:20,852 [FATAL] Updater:308 - Updater called before beeing initialized
2024-03-15 14:05:20,862 [INFO] DbMcusAds:53 - JSON generation date=Wed Nov 29 12:52:27 EET 2023 (1701255147349)
2024-03-15 14:05:20,862 [FATAL] Updater:308 - Updater called before beeing initialized
2024-03-15 14:05:20,911 [WARN] DetailPanel:346 - Failed to get advertising image, set to default
2024-03-15 14:05:21,065 [FATAL] Updater:308 - Updater called before beeing initialized
2024-03-15 14:05:21,065 [FATAL] Updater:308 - Updater called before beeing initialized
2024-03-15 14:05:21,065 [FATAL] Updater:308 - Updater called before beeing initialized
2024-03-15 14:05:21,068 [WARN] DetailPanel:346 - Failed to get advertising image, set to default
2024-03-15 14:05:21,068 [FATAL] Updater:308 - Updater called before beeing initialized
2024-03-15 14:05:21,118 [ERROR] Updater:1120 - MainUpdater not yet initialized. External WinMGr cannot be set.
2024-03-15 14:05:21,128 [INFO] Updater:1056 - Updater Version found : 6.10.0
2024-03-15 14:05:21,155 [INFO] ApplicationProperties:184 - Using Application install path: C:\ST\STM32CubeIDE_1.14.0\STM32CubeIDE\plugins\com.st.stm32cube.common.mx_6.10.0.202311202037
2024-03-15 14:05:22,474 [INFO] ThirdPartyUpdaterWithRetryManager:70 - Updater plugin not ready yet. [2/15]
2024-03-15 14:05:22,745 [ERROR] LogOutputStream:75 - [STDERR_REDIRECT] Mar 15, 2024 2:05:22 PM java.util.prefs.WindowsPreferences <init>
2024-03-15 14:05:22,755 [ERROR] LogOutputStream:75 - [STDERR_REDIRECT] WARNING: Could not open/create prefs root node Software\JavaSoft\Prefs at root 0xffffffff80000002. Windows RegCreateKeyEx(...) returned error code 5.
2024-03-15 14:05:22,755 [ERROR] LogOutputStream:75 - [STDERR_REDIRECT] 
2024-03-15 14:05:23,128 [INFO] MainUpdater:2873 - connection check result : 10
2024-03-15 14:05:23,128 [INFO] MainUpdater:290 - Updater Check For Update Now.
2024-03-15 14:05:23,128 [INFO] MicroXplorer:498 - Change Database Version : DB.6.0.100
2024-03-15 14:05:23,138 [INFO] McuFinderGlobals:63 - Set McuFinder mode to 2 (CubeIDE integrated)
2024-03-15 14:05:23,138 [INFO] UserAuth:180 - activating auth plugin
2024-03-15 14:05:23,148 [INFO] UserAuth:404 - Internet connection configuration mode: 1
2024-03-15 14:05:23,170 [INFO] JxBrowserEngine:152 - Initiate JxBrowser Engine with user profile folder
2024-03-15 14:05:23,304 [INFO] CheckServerUpdateThread:120 - End of CheckServer Thread
2024-03-15 14:05:25,687 [INFO] WebApp:161 - Instantiating new browser for Auth
2024-03-15 14:05:25,742 [WARN] PackLoader:240 - Cannot read IP mode file for STMicroelectronics.X-CUBE-SMBUS.2.1.0
2024-03-15 14:05:25,760 [WARN] PackLoader:240 - Cannot read IP mode file for STMicroelectronics.X-CUBE-TOUCHGFX.4.23.0
2024-03-15 14:05:25,800 [WARN] PackLoader:240 - Cannot read IP mode file for STMicroelectronics.X-CUBE-AZRTOS-F7.1.1.0
2024-03-15 14:05:25,810 [WARN] PackLoader:240 - Cannot read IP mode file for STMicroelectronics.FP-SNS-MOTENV1.4.3.2
2024-03-15 14:05:25,820 [WARN] PackLoader:240 - Cannot read IP mode file for STMicroelectronics.FP-SNS-FLIGHT1.5.0.2
2024-03-15 14:05:25,840 [WARN] PackLoader:240 - Cannot read IP mode file for STMicroelectronics.X-CUBE-DISPLAY.3.0.0
2024-03-15 14:05:25,860 [WARN] PackLoader:240 - Cannot read IP mode file for STMicroelectronics.X-CUBE-BLE1.7.0.0
2024-03-15 14:05:25,872 [WARN] PackLoader:240 - Cannot read IP mode file for emotas.I-CUBE-CANOPEN.1.3.0
2024-03-15 14:05:25,890 [WARN] PackLoader:240 - Cannot read IP mode file for STMicroelectronics.X-CUBE-BLEMGR.3.1.0
2024-03-15 14:05:25,900 [WARN] PackLoader:240 - Cannot read IP mode file for STMicroelectronics.FP-SNS-SMARTAG2.1.2.0
2024-03-15 14:05:25,930 [INFO] LogOutputStream:77 - [STDOUT_REDIRECT] 1 : Invalid condition id : UX_CORESTACK_Condition cause : null
2024-03-15 14:05:25,930 [INFO] LogOutputStream:77 - [STDOUT_REDIRECT] 1 : Invalid condition id : UX_CORESTACK_Condition cause : null
2024-03-15 14:05:25,930 [INFO] LogOutputStream:77 - [STDOUT_REDIRECT] 1 : Invalid condition id : UX_CORESTACK_Condition cause : null
2024-03-15 14:05:25,940 [INFO] LogOutputStream:77 - [STDOUT_REDIRECT] 1 : Invalid condition id : UX_CORESTACK_Condition cause : null
2024-03-15 14:05:25,940 [INFO] LogOutputStream:77 - [STDOUT_REDIRECT] 1 : Invalid condition id : UX_CORESTACK_Condition cause : null
2024-03-15 14:05:25,950 [WARN] PackLoader:240 - Cannot read IP mode file for STMicroelectronics.X-CUBE-AZRTOS-WL.2.0.0
2024-03-15 14:05:25,970 [WARN] PackLoader:240 - Cannot read IP mode file for WES.I-CUBE-Cesium.1.3.0
2024-03-15 14:05:25,980 [WARN] PackLoader:240 - Cannot read IP mode file for STMicroelectronics.X-CUBE-BLE2.3.3.0
2024-03-15 14:05:26,000 [WARN] PackLoader:240 - Cannot read IP mode file for STMicroelectronics.X-CUBE-ALGOBUILD.1.3.0
2024-03-15 14:05:26,030 [WARN] PackLoader:240 - Cannot read IP mode file for STMicroelectronics.X-CUBE-AZRTOS-G0.1.1.0
2024-03-15 14:05:26,040 [WARN] PackLoader:240 - Cannot read IP mode file for STMicroelectronics.X-CUBE-NFC4.3.0.0
2024-03-15 14:05:26,060 [WARN] PackLoader:240 - Cannot read IP mode file for STMicroelectronics.X-CUBE-BLEMGR.3.0.0
2024-03-15 14:05:26,072 [WARN] PackLoader:240 - Cannot read IP mode file for STMicroelectronics.FP-ATR-SIGFOX1.3.2.0
2024-03-15 14:05:26,080 [WARN] PackLoader:240 - Cannot read IP mode file for STMicroelectronics.X-CUBE-EEPRMA1.5.1.0
2024-03-15 14:05:26,160 [WARN] PackLoader:240 - Cannot read IP mode file for SEGGER.I-CUBE-embOS.1.3.1
2024-03-15 14:05:26,323 [WARN] PackLoader:240 - Cannot read IP mode file for STMicroelectronics.X-CUBE-GNSS1.6.0.0
2024-03-15 14:05:26,364 [WARN] PackLoader:240 - Cannot read IP mode file for STMicroelectronics.X-CUBE-AZRTOS-F4.1.1.0
2024-03-15 14:05:26,389 [WARN] PackLoader:240 - Cannot read IP mode file for wolfSSL.I-CUBE-wolfSSL.5.6.6
2024-03-15 14:05:26,416 [WARN] PackLoader:240 - Cannot read IP mode file for STMicroelectronics.X-CUBE-AZRTOS-L5.2.0.0
2024-03-15 14:05:26,426 [WARN] PackLoader:240 - Cannot read IP mode file for STMicroelectronics.X-CUBE-EEPRMA1.4.2.0
2024-03-15 14:05:26,436 [WARN] PackLoader:240 - Cannot read IP mode file for ITTIA_DB.I-CUBE-ITTIADB.8.8.0
2024-03-15 14:05:26,446 [WARN] PackLoader:240 - Cannot read IP mode file for STMicroelectronics.X-CUBE-NFC7.1.0.1
2024-03-15 14:05:26,456 [WARN] PackLoader:240 - Cannot read IP mode file for STMicroelectronics.X-CUBE-NFC6.3.0.0
2024-03-15 14:05:26,466 [WARN] PackLoader:240 - Cannot read IP mode file for STMicroelectronics.X-CUBE-AI.8.1.0
2024-03-15 14:05:26,496 [WARN] ConditionMgr:438 - getConditionDescription Invalid condition id : LAN8742 Phy interface Condition cause : null
2024-03-15 14:05:26,496 [WARN] PackLoader:240 - Cannot read IP mode file for STMicroelectronics.X-CUBE-AZRTOS-L4.2.0.0
2024-03-15 14:05:26,496 [WARN] ConditionMgr:1039 - genDependencies : Invalid condition id : LAN8742 Phy interface Condition cause : null
2024-03-15 14:05:26,496 [WARN] ConditionMgr:1039 - genDependencies : Invalid condition id : LAN8742 Phy interface Condition cause : null
2024-03-15 14:05:26,496 [WARN] ConditionMgr:1039 - genDependencies : Invalid condition id : LAN8742 Phy interface Condition cause : null
2024-03-15 14:05:26,506 [WARN] PackLoader:240 - Cannot read IP mode file for STMicroelectronics.X-CUBE-SFXS2LP1.4.0.0
2024-03-15 14:05:26,526 [WARN] ConditionMgr:438 - getConditionDescription Invalid condition id : UX DEVICE CLASS RTOS Condition cause : null
2024-03-15 14:05:26,526 [WARN] ConditionMgr:438 - getConditionDescription Invalid condition id : UX DEVICE CLASS RTOS Condition cause : null
2024-03-15 14:05:26,526 [WARN] PackLoader:240 - Cannot read IP mode file for STMicroelectronics.X-CUBE-AZRTOS-WB.2.0.0
2024-03-15 14:05:26,526 [WARN] ConditionMgr:1039 - genDependencies : Invalid condition id : UX DEVICE CLASS RTOS Condition cause : null
2024-03-15 14:05:26,526 [WARN] ConditionMgr:1039 - genDependencies : Invalid condition id : UX DEVICE CLASS RTOS Condition cause : null
2024-03-15 14:05:26,526 [WARN] ConditionMgr:1039 - genDependencies : Invalid condition id : UX DEVICE CLASS RTOS Condition cause : null
2024-03-15 14:05:26,526 [WARN] ConditionMgr:1039 - genDependencies : Invalid condition id : UX DEVICE CLASS RTOS Condition cause : null
2024-03-15 14:05:26,526 [WARN] ConditionMgr:1039 - genDependencies : Invalid condition id : UX DEVICE CLASS RTOS Condition cause : null
2024-03-15 14:05:26,536 [WARN] PackLoader:240 - Cannot read IP mode file for STMicroelectronics.X-CUBE-SUBG2.5.0.0
2024-03-15 14:05:26,594 [WARN] PackLoader:240 - Cannot read IP mode file for STMicroelectronics.X-CUBE-AZRTOS-G4.2.0.0
2024-03-15 14:05:26,610 [WARN] PackLoader:240 - Cannot read IP mode file for Infineon.AIROC-Wi-Fi-Bluetooth-STM32.1.5.1
2024-03-15 14:05:26,630 [WARN] PackLoader:240 - Cannot read IP mode file for STMicroelectronics.FP-SNS-MOTENVWB1.1.3.1
2024-03-15 14:05:26,630 [WARN] PackLoader:240 - Cannot read IP mode file for STMicroelectronics.X-CUBE-ISPU.2.0.0
2024-03-15 14:05:26,695 [WARN] PackLoader:240 - Cannot read IP mode file for STMicroelectronics.X-CUBE-MEMS1.10.0.0
2024-03-15 14:05:27,423 [WARN] PackLoader:240 - Cannot read IP mode file for STMicroelectronics.X-CUBE-FREERTOS.1.1.0
2024-03-15 14:05:27,443 [WARN] PackLoader:240 - Cannot read IP mode file for portGmbH.I-Cube-SoM-uGOAL.1.1.0
2024-03-15 14:05:27,462 [WARN] PackLoader:240 - Cannot read IP mode file for STMicroelectronics.X-CUBE-ALS.1.0.1
2024-03-15 14:05:27,472 [WARN] PackLoader:240 - Cannot read IP mode file for STMicroelectronics.FP-ATR-ASTRA1.2.0.0
2024-03-15 14:05:27,496 [WARN] PackLoader:240 - Cannot read IP mode file for STMicroelectronics.X-CUBE-TOF1.3.4.0
2024-03-15 14:05:27,543 [WARN] PackLoader:240 - Cannot read IP mode file for STMicroelectronics.X-CUBE-TOF1.3.4.1
2024-03-15 14:05:27,609 [WARN] PackLoader:240 - Cannot read IP mode file for STMicroelectronics.X-CUBE-AZRTOS-H7.3.2.0
2024-03-15 14:05:27,619 [INFO] ThirdParty:978 - Integrity check success = true
2024-03-15 14:05:27,619 [INFO] IntegrityCheckThread:100 - exiting critical section [integrity check]
2024-03-15 14:05:27,619 [INFO] IntegrityCheckThread:103 - End integrity checks thread
2024-03-15 14:05:27,986 [INFO] WebApp:780 - Register for checkConnection events
2024-03-15 14:05:27,986 [INFO] WebApp:414 - Apply proxy settings
2024-03-15 14:05:27,986 [INFO] WebApp:499 - Chromium requires no authentication
2024-03-15 14:05:27,999 [INFO] WebApp:442 - Direct internet connection detected
2024-03-15 14:05:28,326 [INFO] WebApp:192 - Starting web application
2024-03-15 14:05:28,326 [INFO] WebApp:544 - Web application path used C:\ST\STM32CubeIDE_1.14.0\STM32CubeIDE\plugins\com.st.stm32cube.common.mx_6.10.0.202311202037\db\plugins\mcufinder\reactClient1\index.html
2024-03-15 14:05:49,311 [ERROR] LogOutputStream:75 - [STDERR_REDIRECT] SLF4J: Failed to load class "org.slf4j.impl.StaticLoggerBinder".
2024-03-15 14:05:49,311 [ERROR] LogOutputStream:75 - [STDERR_REDIRECT] SLF4J: Defaulting to no-operation (NOP) logger implementation
2024-03-15 14:05:49,321 [ERROR] LogOutputStream:75 - [STDERR_REDIRECT] SLF4J: See http://www.slf4j.org/codes.html#StaticLoggerBinder for further details.
2024-03-15 14:28:07,980 [ERROR] LogOutputStream:75 - [STDERR_REDIRECT] 
